# JRE version: 7.0_13-b20
# Java VM: Java HotSpot(TM) 64-Bit Server VM (23.7-b01 mixed mode windows-amd64 compressed oops)
Heap
 PSYoungGen      total 290432K, used 222528K [0x00000000eaab0000, 0x0000000100000000, 0x0000000100000000)
  eden space 231360K, 96% used [0x00000000eaab0000,0x00000000f84002d0,0x00000000f8ca0000)
  from space 59072K, 0% used [0x00000000f8ca0000,0x00000000f8ca0000,0x00000000fc650000)
  to   space 59072K, 0% used [0x00000000fc650000,0x00000000fc650000,0x0000000100000000)
 ParOldGen       total 241088K, used 241084K [0x00000000c0000000, 0x00000000eaab0000, 0x00000000eaab0000)
  object space 241088K, 99% used [0x00000000c0000000,0x00000000ceb6f390,0x00000000ceb70000)
 PSPermGen       total 21248K, used 6415K [0x00000000bae00000, 0x00000000bc2c0000, 0x00000000c0000000)
  object space 21248K, 30% used [0x00000000bae00000,0x00000000bb443fc8,0x00000000bc2c0000)
GC Heap History (10 events):
Event: 62.578 GC heap after
Heap after GC invocations=47 (full 34):
 PSYoungGen      total 290432K, used 211695K [0x00000000eaab0000, 0x0000000100000000, 0x0000000100000000)
  eden space 231360K, 91% used [0x00000000eaab0000,0x00000000f796bd38,0x00000000f8ca0000)
  from space 59072K, 0% used [0x00000000f8ca0000,0x00000000f8ca0000,0x00000000fc650000)
  to   space 59072K, 0% used [0x00000000fc650000,0x00000000fc650000,0x0000000100000000)
 ParOldGen       total 241088K, used 241084K [0x00000000c0000000, 0x00000000ceb70000, 0x00000000eaab0000)
  object space 241088K, 99% used [0x00000000c0000000,0x00000000ceb6f390,0x00000000ceb70000)
 PSPermGen       total 21248K, used 6414K [0x00000000bae00000, 0x00000000bc2c0000, 0x00000000c0000000)
  object space 21248K, 30% used [0x00000000bae00000,0x00000000bb443aa8,0x00000000bc2c0000)
}
Event: 62.668 GC heap before
{Heap before GC invocations=48 (full 35):
 PSYoungGen      total 290432K, used 231360K [0x00000000eaab0000, 0x0000000100000000, 0x0000000100000000)
  eden space 231360K, 100% used [0x00000000eaab0000,0x00000000f8ca0000,0x00000000f8ca0000)
  from space 59072K, 0% used [0x00000000f8ca0000,0x00000000f8ca0000,0x00000000fc650000)
  to   space 59072K, 0% used [0x00000000fc650000,0x00000000fc650000,0x0000000100000000)
 ParOldGen       total 241088K, used 241084K [0x00000000c0000000, 0x00000000ceb70000, 0x00000000eaab0000)
  object space 241088K, 99% used [0x00000000c0000000,0x00000000ceb6f390,0x00000000ceb70000)
 PSPermGen       total 21248K, used 6414K [0x00000000bae00000, 0x00000000bc2c0000, 0x00000000c0000000)
  object space 21248K, 30% used [0x00000000bae00000,0x00000000bb443aa8,0x00000000bc2c0000)
Event: 64.345 GC heap after
Heap after GC invocations=48 (full 35):
 PSYoungGen      total 290432K, used 214624K [0x00000000eaab0000, 0x0000000100000000, 0x0000000100000000)
  eden space 231360K, 92% used [0x00000000eaab0000,0x00000000f7c48270,0x00000000f8ca0000)
  from space 59072K, 0% used [0x00000000f8ca0000,0x00000000f8ca0000,0x00000000fc650000)
  to   space 59072K, 0% used [0x00000000fc650000,0x00000000fc650000,0x0000000100000000)
 ParOldGen       total 241088K, used 241084K [0x00000000c0000000, 0x00000000ceb70000, 0x00000000eaab0000)
  object space 241088K, 99% used [0x00000000c0000000,0x00000000ceb6f390,0x00000000ceb70000)
 PSPermGen       total 21248K, used 6414K [0x00000000bae00000, 0x00000000bc2c0000, 0x00000000c0000000)
  object space 21248K, 30% used [0x00000000bae00000,0x00000000bb443aa8,0x00000000bc2c0000)
}
Event: 64.389 GC heap before
{Heap before GC invocations=49 (full 36):
 PSYoungGen      total 290432K, used 231360K [0x00000000eaab0000, 0x0000000100000000, 0x0000000100000000)
  eden space 231360K, 100% used [0x00000000eaab0000,0x00000000f8ca0000,0x00000000f8ca0000)
  from space 59072K, 0% used [0x00000000f8ca0000,0x00000000f8ca0000,0x00000000fc650000)
  to   space 59072K, 0% used [0x00000000fc650000,0x00000000fc650000,0x0000000100000000)
 ParOldGen       total 241088K, used 241084K [0x00000000c0000000, 0x00000000ceb70000, 0x00000000eaab0000)
  object space 241088K, 99% used [0x00000000c0000000,0x00000000ceb6f390,0x00000000ceb70000)
 PSPermGen       total 21248K, used 6415K [0x00000000bae00000, 0x00000000bc2c0000, 0x00000000c0000000)
  object space 21248K, 30% used [0x00000000bae00000,0x00000000bb443d00,0x00000000bc2c0000)
Event: 66.082 GC heap after
Heap after GC invocations=49 (full 36):
 PSYoungGen      total 290432K, used 217194K [0x00000000eaab0000, 0x0000000100000000, 0x0000000100000000)
  eden space 231360K, 93% used [0x00000000eaab0000,0x00000000f7eca8a0,0x00000000f8ca0000)
  from space 59072K, 0% used [0x00000000f8ca0000,0x00000000f8ca0000,0x00000000fc650000)
  to   space 59072K, 0% used [0x00000000fc650000,0x00000000fc650000,0x0000000100000000)
 ParOldGen       total 241088K, used 241084K [0x00000000c0000000, 0x00000000ceb70000, 0x00000000eaab0000)
  object space 241088K, 99% used [0x00000000c0000000,0x00000000ceb6f390,0x00000000ceb70000)
 PSPermGen       total 21248K, used 6415K [0x00000000bae00000, 0x00000000bc2c0000, 0x00000000c0000000)
  object space 21248K, 30% used [0x00000000bae00000,0x00000000bb443d00,0x00000000bc2c0000)
}
Event: 66.108 GC heap before
{Heap before GC invocations=50 (full 37):
 PSYoungGen      total 290432K, used 231360K [0x00000000eaab0000, 0x0000000100000000, 0x0000000100000000)
  eden space 231360K, 100% used [0x00000000eaab0000,0x00000000f8ca0000,0x00000000f8ca0000)
  from space 59072K, 0% used [0x00000000f8ca0000,0x00000000f8ca0000,0x00000000fc650000)
  to   space 59072K, 0% used [0x00000000fc650000,0x00000000fc650000,0x0000000100000000)
 ParOldGen       total 241088K, used 241084K [0x00000000c0000000, 0x00000000ceb70000, 0x00000000eaab0000)
  object space 241088K, 99% used [0x00000000c0000000,0x00000000ceb6f390,0x00000000ceb70000)
 PSPermGen       total 21248K, used 6415K [0x00000000bae00000, 0x00000000bc2c0000, 0x00000000c0000000)
  object space 21248K, 30% used [0x00000000bae00000,0x00000000bb443d00,0x00000000bc2c0000)
Event: 67.597 GC heap after
Heap after GC invocations=50 (full 37):
 PSYoungGen      total 290432K, used 219422K [0x00000000eaab0000, 0x0000000100000000, 0x0000000100000000)
  eden space 231360K, 94% used [0x00000000eaab0000,0x00000000f80f7b20,0x00000000f8ca0000)
  from space 59072K, 0% used [0x00000000f8ca0000,0x00000000f8ca0000,0x00000000fc650000)
  to   space 59072K, 0% used [0x00000000fc650000,0x00000000fc650000,0x0000000100000000)
 ParOldGen       total 241088K, used 241084K [0x00000000c0000000, 0x00000000ceb70000, 0x00000000eaab0000)
  object space 241088K, 99% used [0x00000000c0000000,0x00000000ceb6f390,0x00000000ceb70000)
 PSPermGen       total 21248K, used 6415K [0x00000000bae00000, 0x00000000bc2c0000, 0x00000000c0000000)
  object space 21248K, 30% used [0x00000000bae00000,0x00000000bb443d00,0x00000000bc2c0000)
}
Event: 67.641 GC heap before
{Heap before GC invocations=51 (full 38):
 PSYoungGen      total 290432K, used 231360K [0x00000000eaab0000, 0x0000000100000000, 0x0000000100000000)
  eden space 231360K, 100% used [0x00000000eaab0000,0x00000000f8ca0000,0x00000000f8ca0000)
  from space 59072K, 0% used [0x00000000f8ca0000,0x00000000f8ca0000,0x00000000fc650000)
  to   space 59072K, 0% used [0x00000000fc650000,0x00000000fc650000,0x0000000100000000)
 ParOldGen       total 241088K, used 241084K [0x00000000c0000000, 0x00000000ceb70000, 0x00000000eaab0000)
  object space 241088K, 99% used [0x00000000c0000000,0x00000000ceb6f390,0x00000000ceb70000)
 PSPermGen       total 21248K, used 6415K [0x00000000bae00000, 0x00000000bc2c0000, 0x00000000c0000000)
  object space 21248K, 30% used [0x00000000bae00000,0x00000000bb443ee8,0x00000000bc2c0000)
Event: 69.032 GC heap after
Heap after GC invocations=51 (full 38):
 PSYoungGen      total 290432K, used 220863K [0x00000000eaab0000, 0x0000000100000000, 0x0000000100000000)
  eden space 231360K, 95% used [0x00000000eaab0000,0x00000000f825fde8,0x00000000f8ca0000)
  from space 59072K, 0% used [0x00000000f8ca0000,0x00000000f8ca0000,0x00000000fc650000)
  to   space 59072K, 0% used [0x00000000fc650000,0x00000000fc650000,0x0000000100000000)
 ParOldGen       total 241088K, used 241084K [0x00000000c0000000, 0x00000000ceb70000, 0x00000000eaab0000)
  object space 241088K, 99% used [0x00000000c0000000,0x00000000ceb6f390,0x00000000ceb70000)
 PSPermGen       total 21248K, used 6415K [0x00000000bae00000, 0x00000000bc2c0000, 0x00000000c0000000)
  object space 21248K, 30% used [0x00000000bae00000,0x00000000bb443ee8,0x00000000bc2c0000)
}
Event: 69.060 GC heap before
{Heap before GC invocations=52 (full 39):
 PSYoungGen      total 290432K, used 231360K [0x00000000eaab0000, 0x0000000100000000, 0x0000000100000000)
  eden space 231360K, 100% used [0x00000000eaab0000,0x00000000f8ca0000,0x00000000f8ca0000)
  from space 59072K, 0% used [0x00000000f8ca0000,0x00000000f8ca0000,0x00000000fc650000)
  to   space 59072K, 0% used [0x00000000fc650000,0x00000000fc650000,0x0000000100000000)
 ParOldGen       total 241088K, used 241084K [0x00000000c0000000, 0x00000000ceb70000, 0x00000000eaab0000)
  object space 241088K, 99% used [0x00000000c0000000,0x00000000ceb6f390,0x00000000ceb70000)
 PSPermGen       total 21248K, used 6415K [0x00000000bae00000, 0x00000000bc2c0000, 0x00000000c0000000)
  object space 21248K, 30% used [0x00000000bae00000,0x00000000bb443fc8,0x00000000bc2c0000)

