# JRE version: 7.0_13-b20
# Java VM: Java HotSpot(TM) 64-Bit Server VM (23.7-b01 mixed mode windows-amd64 compressed oops)
Heap
 PSYoungGen      total 270272K, used 63385K [0x00000000eaab0000, 0x0000000100000000, 0x0000000100000000)
  eden space 217088K, 22% used [0x00000000eaab0000,0x00000000eda6f010,0x00000000f7eb0000)
  from space 53184K, 27% used [0x00000000f7eb0000,0x00000000f8cd7690,0x00000000fb2a0000)
  to   space 53184K, 0% used [0x00000000fcc10000,0x00000000fcc10000,0x0000000100000000)
 ParOldGen       total 236736K, used 145535K [0x00000000c0000000, 0x00000000ce730000, 0x00000000eaab0000)
  object space 236736K, 61% used [0x00000000c0000000,0x00000000c8e1fc78,0x00000000ce730000)
 PSPermGen       total 21248K, used 6305K [0x00000000bae00000, 0x00000000bc2c0000, 0x00000000c0000000)
  object space 21248K, 29% used [0x00000000bae00000,0x00000000bb428668,0x00000000bc2c0000)
GC Heap History (10 events):
Event: 10.142 GC heap before
{Heap before GC invocations=10 (full 1):
 PSYoungGen      total 199872K, used 199870K [0x00000000eaab0000, 0x00000000fcff0000, 0x0000000100000000)
  eden space 176000K, 100% used [0x00000000eaab0000,0x00000000f5690000,0x00000000f5690000)
  from space 23872K, 99% used [0x00000000fb8a0000,0x00000000fcfefb18,0x00000000fcff0000)
  to   space 30016K, 0% used [0x00000000f9550000,0x00000000f9550000,0x00000000fb2a0000)
 ParOldGen       total 83328K, used 49293K [0x00000000c0000000, 0x00000000c5160000, 0x00000000eaab0000)
  object space 83328K, 59% used [0x00000000c0000000,0x00000000c3023708,0x00000000c5160000)
 PSPermGen       total 21248K, used 6253K [0x00000000bae00000, 0x00000000bc2c0000, 0x00000000c0000000)
  object space 21248K, 29% used [0x00000000bae00000,0x00000000bb41b608,0x00000000bc2c0000)
Event: 10.270 GC heap after
Heap after GC invocations=10 (full 1):
 PSYoungGen      total 250688K, used 30012K [0x00000000eaab0000, 0x00000000fd7b0000, 0x0000000100000000)
  eden space 220672K, 0% used [0x00000000eaab0000,0x00000000eaab0000,0x00000000f8230000)
  from space 30016K, 99% used [0x00000000f9550000,0x00000000fb29f1a8,0x00000000fb2a0000)
  to   space 37952K, 0% used [0x00000000fb2a0000,0x00000000fb2a0000,0x00000000fd7b0000)
 ParOldGen       total 83328K, used 71606K [0x00000000c0000000, 0x00000000c5160000, 0x00000000eaab0000)
  object space 83328K, 85% used [0x00000000c0000000,0x00000000c45eda40,0x00000000c5160000)
 PSPermGen       total 21248K, used 6253K [0x00000000bae00000, 0x00000000bc2c0000, 0x00000000c0000000)
  object space 21248K, 29% used [0x00000000bae00000,0x00000000bb41b608,0x00000000bc2c0000)
}
Event: 10.270 GC heap before
{Heap before GC invocations=11 (full 2):
 PSYoungGen      total 250688K, used 30012K [0x00000000eaab0000, 0x00000000fd7b0000, 0x0000000100000000)
  eden space 220672K, 0% used [0x00000000eaab0000,0x00000000eaab0000,0x00000000f8230000)
  from space 30016K, 99% used [0x00000000f9550000,0x00000000fb29f1a8,0x00000000fb2a0000)
  to   space 37952K, 0% used [0x00000000fb2a0000,0x00000000fb2a0000,0x00000000fd7b0000)
 ParOldGen       total 83328K, used 71606K [0x00000000c0000000, 0x00000000c5160000, 0x00000000eaab0000)
  object space 83328K, 85% used [0x00000000c0000000,0x00000000c45eda40,0x00000000c5160000)
 PSPermGen       total 21248K, used 6253K [0x00000000bae00000, 0x00000000bc2c0000, 0x00000000c0000000)
  object space 21248K, 29% used [0x00000000bae00000,0x00000000bb41b608,0x00000000bc2c0000)
Event: 11.116 GC heap after
Heap after GC invocations=11 (full 2):
 PSYoungGen      total 250688K, used 15506K [0x00000000eaab0000, 0x00000000fd7b0000, 0x0000000100000000)
  eden space 220672K, 0% used [0x00000000eaab0000,0x00000000eaab0000,0x00000000f8230000)
  from space 30016K, 51% used [0x00000000f9550000,0x00000000fa474938,0x00000000fb2a0000)
  to   space 37952K, 0% used [0x00000000fb2a0000,0x00000000fb2a0000,0x00000000fd7b0000)
 ParOldGen       total 145536K, used 83324K [0x00000000c0000000, 0x00000000c8e20000, 0x00000000eaab0000)
  object space 145536K, 57% used [0x00000000c0000000,0x00000000c515f308,0x00000000c8e20000)
 PSPermGen       total 21248K, used 6253K [0x00000000bae00000, 0x00000000bc2c0000, 0x00000000c0000000)
  object space 21248K, 29% used [0x00000000bae00000,0x00000000bb41b4a8,0x00000000bc2c0000)
}
Event: 12.776 GC heap before
{Heap before GC invocations=12 (full 2):
 PSYoungGen      total 250688K, used 236178K [0x00000000eaab0000, 0x00000000fd7b0000, 0x0000000100000000)
  eden space 220672K, 100% used [0x00000000eaab0000,0x00000000f8230000,0x00000000f8230000)
  from space 30016K, 51% used [0x00000000f9550000,0x00000000fa474938,0x00000000fb2a0000)
  to   space 37952K, 0% used [0x00000000fb2a0000,0x00000000fb2a0000,0x00000000fd7b0000)
 ParOldGen       total 145536K, used 83324K [0x00000000c0000000, 0x00000000c8e20000, 0x00000000eaab0000)
  object space 145536K, 57% used [0x00000000c0000000,0x00000000c515f308,0x00000000c8e20000)
 PSPermGen       total 21248K, used 6263K [0x00000000bae00000, 0x00000000bc2c0000, 0x00000000c0000000)
  object space 21248K, 29% used [0x00000000bae00000,0x00000000bb41df30,0x00000000bc2c0000)
Event: 12.925 GC heap after
Heap after GC invocations=12 (full 2):
 PSYoungGen      total 255040K, used 37947K [0x00000000eaab0000, 0x0000000100000000, 0x0000000100000000)
  eden space 217088K, 0% used [0x00000000eaab0000,0x00000000eaab0000,0x00000000f7eb0000)
  from space 37952K, 99% used [0x00000000fb2a0000,0x00000000fd7aed10,0x00000000fd7b0000)
  to   space 53184K, 0% used [0x00000000f7eb0000,0x00000000f7eb0000,0x00000000fb2a0000)
 ParOldGen       total 145536K, used 95663K [0x00000000c0000000, 0x00000000c8e20000, 0x00000000eaab0000)
  object space 145536K, 65% used [0x00000000c0000000,0x00000000c5d6bde0,0x00000000c8e20000)
 PSPermGen       total 21248K, used 6263K [0x00000000bae00000, 0x00000000bc2c0000, 0x00000000c0000000)
  object space 21248K, 29% used [0x00000000bae00000,0x00000000bb41df30,0x00000000bc2c0000)
}
Event: 14.213 GC heap before
{Heap before GC invocations=13 (full 2):
 PSYoungGen      total 255040K, used 254103K [0x00000000eaab0000, 0x0000000100000000, 0x0000000100000000)
  eden space 217088K, 99% used [0x00000000eaab0000,0x00000000f7dc6f88,0x00000000f7eb0000)
  from space 37952K, 99% used [0x00000000fb2a0000,0x00000000fd7aed10,0x00000000fd7b0000)
  to   space 53184K, 0% used [0x00000000f7eb0000,0x00000000f7eb0000,0x00000000fb2a0000)
 ParOldGen       total 145536K, used 95663K [0x00000000c0000000, 0x00000000c8e20000, 0x00000000eaab0000)
  object space 145536K, 65% used [0x00000000c0000000,0x00000000c5d6bde0,0x00000000c8e20000)
 PSPermGen       total 21248K, used 6303K [0x00000000bae00000, 0x00000000bc2c0000, 0x00000000c0000000)
  object space 21248K, 29% used [0x00000000bae00000,0x00000000bb427e18,0x00000000bc2c0000)
Event: 14.436 GC heap after
Heap after GC invocations=13 (full 2):
 PSYoungGen      total 270272K, used 30048K [0x00000000eaab0000, 0x0000000100000000, 0x0000000100000000)
  eden space 217088K, 0% used [0x00000000eaab0000,0x00000000eaab0000,0x00000000f7eb0000)
  from space 53184K, 56% used [0x00000000f7eb0000,0x00000000f9c083b8,0x00000000fb2a0000)
  to   space 53184K, 0% used [0x00000000fcc10000,0x00000000fcc10000,0x0000000100000000)
 ParOldGen       total 145536K, used 133521K [0x00000000c0000000, 0x00000000c8e20000, 0x00000000eaab0000)
  object space 145536K, 91% used [0x00000000c0000000,0x00000000c8264628,0x00000000c8e20000)
 PSPermGen       total 21248K, used 6303K [0x00000000bae00000, 0x00000000bc2c0000, 0x00000000c0000000)
  object space 21248K, 29% used [0x00000000bae00000,0x00000000bb427e18,0x00000000bc2c0000)
}
Event: 14.436 GC heap before
{Heap before GC invocations=14 (full 3):
 PSYoungGen      total 270272K, used 30048K [0x00000000eaab0000, 0x0000000100000000, 0x0000000100000000)
  eden space 217088K, 0% used [0x00000000eaab0000,0x00000000eaab0000,0x00000000f7eb0000)
  from space 53184K, 56% used [0x00000000f7eb0000,0x00000000f9c083b8,0x00000000fb2a0000)
  to   space 53184K, 0% used [0x00000000fcc10000,0x00000000fcc10000,0x0000000100000000)
 ParOldGen       total 145536K, used 133521K [0x00000000c0000000, 0x00000000c8e20000, 0x00000000eaab0000)
  object space 145536K, 91% used [0x00000000c0000000,0x00000000c8264628,0x00000000c8e20000)
 PSPermGen       total 21248K, used 6303K [0x00000000bae00000, 0x00000000bc2c0000, 0x00000000c0000000)
  object space 21248K, 29% used [0x00000000bae00000,0x00000000bb427e18,0x00000000bc2c0000)
Event: 16.126 GC heap after
Heap after GC invocations=14 (full 3):
 PSYoungGen      total 270272K, used 14493K [0x00000000eaab0000, 0x0000000100000000, 0x0000000100000000)
  eden space 217088K, 0% used [0x00000000eaab0000,0x00000000eaab0000,0x00000000f7eb0000)
  from space 53184K, 27% used [0x00000000f7eb0000,0x00000000f8cd7690,0x00000000fb2a0000)
  to   space 53184K, 0% used [0x00000000fcc10000,0x00000000fcc10000,0x0000000100000000)
 ParOldGen       total 236736K, used 145535K [0x00000000c0000000, 0x00000000ce730000, 0x00000000eaab0000)
  object space 236736K, 61% used [0x00000000c0000000,0x00000000c8e1fc78,0x00000000ce730000)
 PSPermGen       total 21248K, used 6303K [0x00000000bae00000, 0x00000000bc2c0000, 0x00000000c0000000)
  object space 21248K, 29% used [0x00000000bae00000,0x00000000bb427cd8,0x00000000bc2c0000)
}

