# JRE version: 7.0_13-b20
# Java VM: Java HotSpot(TM) 64-Bit Server VM (23.7-b01 mixed mode windows-amd64 compressed oops)
Heap
 PSYoungGen      total 121664K, used 60543K [0x00000000eaab0000, 0x00000000f88d0000, 0x0000000100000000)
  eden space 105536K, 42% used [0x00000000eaab0000,0x00000000ed6138e8,0x00000000f11c0000)
  from space 16128K, 99% used [0x00000000f34b0000,0x00000000f446c448,0x00000000f4470000)
  to   space 35776K, 0% used [0x00000000f11c0000,0x00000000f11c0000,0x00000000f34b0000)
 ParOldGen       total 77952K, used 57468K [0x00000000c0000000, 0x00000000c4c20000, 0x00000000eaab0000)
  object space 77952K, 73% used [0x00000000c0000000,0x00000000c381f120,0x00000000c4c20000)
 PSPermGen       total 21248K, used 6450K [0x00000000bae00000, 0x00000000bc2c0000, 0x00000000c0000000)
  object space 21248K, 30% used [0x00000000bae00000,0x00000000bb44cb40,0x00000000bc2c0000)
GC Heap History (10 events):
Event: 21.501 GC heap before
{Heap before GC invocations=7 (full 0):
 PSYoungGen      total 72128K, used 70897K [0x00000000eaab0000, 0x00000000efdd0000, 0x0000000100000000)
  eden space 62592K, 100% used [0x00000000eaab0000,0x00000000ee7d0000,0x00000000ee7d0000)
  from space 9536K, 87% used [0x00000000ef240000,0x00000000efa5c690,0x00000000efb90000)
  to   space 10688K, 0% used [0x00000000ee7d0000,0x00000000ee7d0000,0x00000000ef240000)
 ParOldGen       total 42432K, used 12963K [0x00000000c0000000, 0x00000000c2970000, 0x00000000eaab0000)
  object space 42432K, 30% used [0x00000000c0000000,0x00000000c0ca8f68,0x00000000c2970000)
 PSPermGen       total 21248K, used 6120K [0x00000000bae00000, 0x00000000bc2c0000, 0x00000000c0000000)
  object space 21248K, 28% used [0x00000000bae00000,0x00000000bb3fa260,0x00000000bc2c0000)
Event: 21.822 GC heap after
Heap after GC invocations=7 (full 0):
 PSYoungGen      total 73280K, used 10668K [0x00000000eaab0000, 0x00000000f4470000, 0x0000000100000000)
  eden space 62592K, 0% used [0x00000000eaab0000,0x00000000eaab0000,0x00000000ee7d0000)
  from space 10688K, 99% used [0x00000000ee7d0000,0x00000000ef23b3d8,0x00000000ef240000)
  to   space 16128K, 0% used [0x00000000f34b0000,0x00000000f34b0000,0x00000000f4470000)
 ParOldGen       total 42432K, used 20096K [0x00000000c0000000, 0x00000000c2970000, 0x00000000eaab0000)
  object space 42432K, 47% used [0x00000000c0000000,0x00000000c13a0258,0x00000000c2970000)
 PSPermGen       total 21248K, used 6120K [0x00000000bae00000, 0x00000000bc2c0000, 0x00000000c0000000)
  object space 21248K, 28% used [0x00000000bae00000,0x00000000bb3fa260,0x00000000bc2c0000)
}
Event: 23.275 GC heap before
{Heap before GC invocations=8 (full 0):
 PSYoungGen      total 73280K, used 73260K [0x00000000eaab0000, 0x00000000f4470000, 0x0000000100000000)
  eden space 62592K, 100% used [0x00000000eaab0000,0x00000000ee7d0000,0x00000000ee7d0000)
  from space 10688K, 99% used [0x00000000ee7d0000,0x00000000ef23b3d8,0x00000000ef240000)
  to   space 16128K, 0% used [0x00000000f34b0000,0x00000000f34b0000,0x00000000f4470000)
 ParOldGen       total 42432K, used 20096K [0x00000000c0000000, 0x00000000c2970000, 0x00000000eaab0000)
  object space 42432K, 47% used [0x00000000c0000000,0x00000000c13a0258,0x00000000c2970000)
 PSPermGen       total 21248K, used 6140K [0x00000000bae00000, 0x00000000bc2c0000, 0x00000000c0000000)
  object space 21248K, 28% used [0x00000000bae00000,0x00000000bb3ff388,0x00000000bc2c0000)
Event: 23.865 GC heap after
Heap after GC invocations=8 (full 0):
 PSYoungGen      total 136320K, used 16099K [0x00000000eaab0000, 0x00000000f4e30000, 0x0000000100000000)
  eden space 120192K, 0% used [0x00000000eaab0000,0x00000000eaab0000,0x00000000f2010000)
  from space 16128K, 99% used [0x00000000f34b0000,0x00000000f4468fe8,0x00000000f4470000)
  to   space 21120K, 0% used [0x00000000f2010000,0x00000000f2010000,0x00000000f34b0000)
 ParOldGen       total 42432K, used 24978K [0x00000000c0000000, 0x00000000c2970000, 0x00000000eaab0000)
  object space 42432K, 58% used [0x00000000c0000000,0x00000000c1864928,0x00000000c2970000)
 PSPermGen       total 21248K, used 6140K [0x00000000bae00000, 0x00000000bc2c0000, 0x00000000c0000000)
  object space 21248K, 28% used [0x00000000bae00000,0x00000000bb3ff388,0x00000000bc2c0000)
}
Event: 25.766 GC heap before
{Heap before GC invocations=9 (full 0):
 PSYoungGen      total 136320K, used 136291K [0x00000000eaab0000, 0x00000000f4e30000, 0x0000000100000000)
  eden space 120192K, 100% used [0x00000000eaab0000,0x00000000f2010000,0x00000000f2010000)
  from space 16128K, 99% used [0x00000000f34b0000,0x00000000f4468fe8,0x00000000f4470000)
  to   space 21120K, 0% used [0x00000000f2010000,0x00000000f2010000,0x00000000f34b0000)
 ParOldGen       total 42432K, used 24978K [0x00000000c0000000, 0x00000000c2970000, 0x00000000eaab0000)
  object space 42432K, 58% used [0x00000000c0000000,0x00000000c1864928,0x00000000c2970000)
 PSPermGen       total 21248K, used 6211K [0x00000000bae00000, 0x00000000bc2c0000, 0x00000000c0000000)
  object space 21248K, 29% used [0x00000000bae00000,0x00000000bb410d68,0x00000000bc2c0000)
Event: 28.232 GC heap after
Heap after GC invocations=9 (full 0):
 PSYoungGen      total 141312K, used 21101K [0x00000000eaab0000, 0x00000000f4e30000, 0x0000000100000000)
  eden space 120192K, 0% used [0x00000000eaab0000,0x00000000eaab0000,0x00000000f2010000)
  from space 21120K, 99% used [0x00000000f2010000,0x00000000f34ab728,0x00000000f34b0000)
  to   space 16128K, 0% used [0x00000000f34b0000,0x00000000f34b0000,0x00000000f4470000)
 ParOldGen       total 42432K, used 39200K [0x00000000c0000000, 0x00000000c2970000, 0x00000000eaab0000)
  object space 42432K, 92% used [0x00000000c0000000,0x00000000c26483a0,0x00000000c2970000)
 PSPermGen       total 21248K, used 6211K [0x00000000bae00000, 0x00000000bc2c0000, 0x00000000c0000000)
  object space 21248K, 29% used [0x00000000bae00000,0x00000000bb410d68,0x00000000bc2c0000)
}
Event: 28.232 GC heap before
{Heap before GC invocations=10 (full 1):
 PSYoungGen      total 141312K, used 21101K [0x00000000eaab0000, 0x00000000f4e30000, 0x0000000100000000)
  eden space 120192K, 0% used [0x00000000eaab0000,0x00000000eaab0000,0x00000000f2010000)
  from space 21120K, 99% used [0x00000000f2010000,0x00000000f34ab728,0x00000000f34b0000)
  to   space 16128K, 0% used [0x00000000f34b0000,0x00000000f34b0000,0x00000000f4470000)
 ParOldGen       total 42432K, used 39200K [0x00000000c0000000, 0x00000000c2970000, 0x00000000eaab0000)
  object space 42432K, 92% used [0x00000000c0000000,0x00000000c26483a0,0x00000000c2970000)
 PSPermGen       total 21248K, used 6211K [0x00000000bae00000, 0x00000000bc2c0000, 0x00000000c0000000)
  object space 21248K, 29% used [0x00000000bae00000,0x00000000bb410d68,0x00000000bc2c0000)
Event: 33.349 GC heap after
Heap after GC invocations=10 (full 1):
 PSYoungGen      total 141312K, used 13322K [0x00000000eaab0000, 0x00000000f4e30000, 0x0000000100000000)
  eden space 120192K, 0% used [0x00000000eaab0000,0x00000000eaab0000,0x00000000f2010000)
  from space 21120K, 63% used [0x00000000f2010000,0x00000000f2d12a28,0x00000000f34b0000)
  to   space 16128K, 0% used [0x00000000f34b0000,0x00000000f34b0000,0x00000000f4470000)
 ParOldGen       total 77952K, used 42430K [0x00000000c0000000, 0x00000000c4c20000, 0x00000000eaab0000)
  object space 77952K, 54% used [0x00000000c0000000,0x00000000c296f848,0x00000000c4c20000)
 PSPermGen       total 21248K, used 6204K [0x00000000bae00000, 0x00000000bc2c0000, 0x00000000c0000000)
  object space 21248K, 29% used [0x00000000bae00000,0x00000000bb40f138,0x00000000bc2c0000)
}
Event: 36.307 GC heap before
{Heap before GC invocations=11 (full 1):
 PSYoungGen      total 141312K, used 133514K [0x00000000eaab0000, 0x00000000f4e30000, 0x0000000100000000)
  eden space 120192K, 100% used [0x00000000eaab0000,0x00000000f2010000,0x00000000f2010000)
  from space 21120K, 63% used [0x00000000f2010000,0x00000000f2d12a28,0x00000000f34b0000)
  to   space 16128K, 0% used [0x00000000f34b0000,0x00000000f34b0000,0x00000000f4470000)
 ParOldGen       total 77952K, used 42430K [0x00000000c0000000, 0x00000000c4c20000, 0x00000000eaab0000)
  object space 77952K, 54% used [0x00000000c0000000,0x00000000c296f848,0x00000000c4c20000)
 PSPermGen       total 21248K, used 6219K [0x00000000bae00000, 0x00000000bc2c0000, 0x00000000c0000000)
  object space 21248K, 29% used [0x00000000bae00000,0x00000000bb412dd0,0x00000000bc2c0000)
Event: 37.396 GC heap after
Heap after GC invocations=11 (full 1):
 PSYoungGen      total 121664K, used 16113K [0x00000000eaab0000, 0x00000000f88d0000, 0x0000000100000000)
  eden space 105536K, 0% used [0x00000000eaab0000,0x00000000eaab0000,0x00000000f11c0000)
  from space 16128K, 99% used [0x00000000f34b0000,0x00000000f446c448,0x00000000f4470000)
  to   space 35776K, 0% used [0x00000000f11c0000,0x00000000f11c0000,0x00000000f34b0000)
 ParOldGen       total 77952K, used 57468K [0x00000000c0000000, 0x00000000c4c20000, 0x00000000eaab0000)
  object space 77952K, 73% used [0x00000000c0000000,0x00000000c381f120,0x00000000c4c20000)
 PSPermGen       total 21248K, used 6219K [0x00000000bae00000, 0x00000000bc2c0000, 0x00000000c0000000)
  object space 21248K, 29% used [0x00000000bae00000,0x00000000bb412dd0,0x00000000bc2c0000)
}

