# JRE version: 7.0_13-b20
# Java VM: Java HotSpot(TM) 64-Bit Server VM (23.7-b01 mixed mode windows-amd64 compressed oops)
Heap
 PSYoungGen      total 168384K, used 69114K [0x00000000eaab0000, 0x00000000ff860000, 0x0000000100000000)
  eden space 116544K, 59% used [0x00000000eaab0000,0x00000000eee2ea88,0x00000000f1c80000)
  from space 51840K, 0% used [0x00000000f1c80000,0x00000000f1c80000,0x00000000f4f20000)
  to   space 112576K, 0% used [0x00000000f8a70000,0x00000000f8a70000,0x00000000ff860000)
 ParOldGen       total 597184K, used 597183K [0x00000000c0000000, 0x00000000e4730000, 0x00000000eaab0000)
  object space 597184K, 99% used [0x00000000c0000000,0x00000000e472fee0,0x00000000e4730000)
 PSPermGen       total 21248K, used 6435K [0x00000000bae00000, 0x00000000bc2c0000, 0x00000000c0000000)
  object space 21248K, 30% used [0x00000000bae00000,0x00000000bb448fd8,0x00000000bc2c0000)
GC Heap History (10 events):
Event: 35.590 GC heap before
{Heap before GC invocations=47 (full 9):
 PSYoungGen      total 210240K, used 210234K [0x00000000eaab0000, 0x0000000100000000, 0x0000000100000000)
  eden space 123904K, 100% used [0x00000000eaab0000,0x00000000f23b0000,0x00000000f23b0000)
  from space 86336K, 99% used [0x00000000f23b0000,0x00000000f77fe8d8,0x00000000f7800000)
  to   space 116480K, 0% used [0x00000000f8e40000,0x00000000f8e40000,0x0000000100000000)
 ParOldGen       total 597184K, used 484124K [0x00000000c0000000, 0x00000000e4730000, 0x00000000eaab0000)
  object space 597184K, 81% used [0x00000000c0000000,0x00000000dd8c7058,0x00000000e4730000)
 PSPermGen       total 21248K, used 6434K [0x00000000bae00000, 0x00000000bc2c0000, 0x00000000c0000000)
  object space 21248K, 30% used [0x00000000bae00000,0x00000000bb4489d0,0x00000000bc2c0000)
Event: 35.712 GC heap after
Heap after GC invocations=47 (full 9):
 PSYoungGen      total 233024K, used 72100K [0x00000000eaab0000, 0x0000000100000000, 0x0000000100000000)
  eden space 116544K, 0% used [0x00000000eaab0000,0x00000000eaab0000,0x00000000f1c80000)
  from space 116480K, 61% used [0x00000000f8e40000,0x00000000fd4a91a8,0x0000000100000000)
  to   space 116480K, 0% used [0x00000000f1c80000,0x00000000f1c80000,0x00000000f8e40000)
 ParOldGen       total 597184K, used 517734K [0x00000000c0000000, 0x00000000e4730000, 0x00000000eaab0000)
  object space 597184K, 86% used [0x00000000c0000000,0x00000000df999ad0,0x00000000e4730000)
 PSPermGen       total 21248K, used 6434K [0x00000000bae00000, 0x00000000bc2c0000, 0x00000000c0000000)
  object space 21248K, 30% used [0x00000000bae00000,0x00000000bb4489d0,0x00000000bc2c0000)
}
Event: 35.997 GC heap before
{Heap before GC invocations=48 (full 9):
 PSYoungGen      total 233024K, used 188644K [0x00000000eaab0000, 0x0000000100000000, 0x0000000100000000)
  eden space 116544K, 100% used [0x00000000eaab0000,0x00000000f1c80000,0x00000000f1c80000)
  from space 116480K, 61% used [0x00000000f8e40000,0x00000000fd4a91a8,0x0000000100000000)
  to   space 116480K, 0% used [0x00000000f1c80000,0x00000000f1c80000,0x00000000f8e40000)
 ParOldGen       total 597184K, used 517736K [0x00000000c0000000, 0x00000000e4730000, 0x00000000eaab0000)
  object space 597184K, 86% used [0x00000000c0000000,0x00000000df99a2a0,0x00000000e4730000)
 PSPermGen       total 21248K, used 6434K [0x00000000bae00000, 0x00000000bc2c0000, 0x00000000c0000000)
  object space 21248K, 30% used [0x00000000bae00000,0x00000000bb448b48,0x00000000bc2c0000)
Event: 36.107 GC heap after
Heap after GC invocations=48 (full 9):
 PSYoungGen      total 168384K, used 51796K [0x00000000eaab0000, 0x00000000ff860000, 0x0000000100000000)
  eden space 116544K, 0% used [0x00000000eaab0000,0x00000000eaab0000,0x00000000f1c80000)
  from space 51840K, 99% used [0x00000000f1c80000,0x00000000f4f151f8,0x00000000f4f20000)
  to   space 112576K, 0% used [0x00000000f8a70000,0x00000000f8a70000,0x00000000ff860000)
 ParOldGen       total 597184K, used 552785K [0x00000000c0000000, 0x00000000e4730000, 0x00000000eaab0000)
  object space 597184K, 92% used [0x00000000c0000000,0x00000000e1bd4500,0x00000000e4730000)
 PSPermGen       total 21248K, used 6434K [0x00000000bae00000, 0x00000000bc2c0000, 0x00000000c0000000)
  object space 21248K, 30% used [0x00000000bae00000,0x00000000bb448b48,0x00000000bc2c0000)
}
Event: 36.107 GC heap before
{Heap before GC invocations=49 (full 10):
 PSYoungGen      total 168384K, used 51796K [0x00000000eaab0000, 0x00000000ff860000, 0x0000000100000000)
  eden space 116544K, 0% used [0x00000000eaab0000,0x00000000eaab0000,0x00000000f1c80000)
  from space 51840K, 99% used [0x00000000f1c80000,0x00000000f4f151f8,0x00000000f4f20000)
  to   space 112576K, 0% used [0x00000000f8a70000,0x00000000f8a70000,0x00000000ff860000)
 ParOldGen       total 597184K, used 552785K [0x00000000c0000000, 0x00000000e4730000, 0x00000000eaab0000)
  object space 597184K, 92% used [0x00000000c0000000,0x00000000e1bd4500,0x00000000e4730000)
 PSPermGen       total 21248K, used 6434K [0x00000000bae00000, 0x00000000bc2c0000, 0x00000000c0000000)
  object space 21248K, 30% used [0x00000000bae00000,0x00000000bb448b48,0x00000000bc2c0000)
Event: 38.530 GC heap after
Heap after GC invocations=49 (full 10):
 PSYoungGen      total 168384K, used 3017K [0x00000000eaab0000, 0x00000000ff860000, 0x0000000100000000)
  eden space 116544K, 0% used [0x00000000eaab0000,0x00000000eaab0000,0x00000000f1c80000)
  from space 51840K, 5% used [0x00000000f1c80000,0x00000000f1f72488,0x00000000f4f20000)
  to   space 112576K, 0% used [0x00000000f8a70000,0x00000000f8a70000,0x00000000ff860000)
 ParOldGen       total 597184K, used 597183K [0x00000000c0000000, 0x00000000e4730000, 0x00000000eaab0000)
  object space 597184K, 99% used [0x00000000c0000000,0x00000000e472fc18,0x00000000e4730000)
 PSPermGen       total 21248K, used 6434K [0x00000000bae00000, 0x00000000bc2c0000, 0x00000000c0000000)
  object space 21248K, 30% used [0x00000000bae00000,0x00000000bb448ae8,0x00000000bc2c0000)
}
Event: 38.805 GC heap before
{Heap before GC invocations=50 (full 11):
 PSYoungGen      total 168384K, used 119561K [0x00000000eaab0000, 0x00000000ff860000, 0x0000000100000000)
  eden space 116544K, 100% used [0x00000000eaab0000,0x00000000f1c80000,0x00000000f1c80000)
  from space 51840K, 5% used [0x00000000f1c80000,0x00000000f1f72488,0x00000000f4f20000)
  to   space 112576K, 0% used [0x00000000f8a70000,0x00000000f8a70000,0x00000000ff860000)
 ParOldGen       total 597184K, used 597183K [0x00000000c0000000, 0x00000000e4730000, 0x00000000eaab0000)
  object space 597184K, 99% used [0x00000000c0000000,0x00000000e472fc18,0x00000000e4730000)
 PSPermGen       total 21248K, used 6435K [0x00000000bae00000, 0x00000000bc2c0000, 0x00000000c0000000)
  object space 21248K, 30% used [0x00000000bae00000,0x00000000bb448ef8,0x00000000bc2c0000)
Event: 40.647 GC heap after
Heap after GC invocations=50 (full 11):
 PSYoungGen      total 168384K, used 20401K [0x00000000eaab0000, 0x00000000ff860000, 0x0000000100000000)
  eden space 116544K, 17% used [0x00000000eaab0000,0x00000000ebe9c770,0x00000000f1c80000)
  from space 51840K, 0% used [0x00000000f1c80000,0x00000000f1c80000,0x00000000f4f20000)
  to   space 112576K, 0% used [0x00000000f8a70000,0x00000000f8a70000,0x00000000ff860000)
 ParOldGen       total 597184K, used 597183K [0x00000000c0000000, 0x00000000e4730000, 0x00000000eaab0000)
  object space 597184K, 99% used [0x00000000c0000000,0x00000000e472fc00,0x00000000e4730000)
 PSPermGen       total 21248K, used 6435K [0x00000000bae00000, 0x00000000bc2c0000, 0x00000000c0000000)
  object space 21248K, 30% used [0x00000000bae00000,0x00000000bb448ef8,0x00000000bc2c0000)
}
Event: 40.878 GC heap before
{Heap before GC invocations=51 (full 12):
 PSYoungGen      total 168384K, used 116544K [0x00000000eaab0000, 0x00000000ff860000, 0x0000000100000000)
  eden space 116544K, 100% used [0x00000000eaab0000,0x00000000f1c80000,0x00000000f1c80000)
  from space 51840K, 0% used [0x00000000f1c80000,0x00000000f1c80000,0x00000000f4f20000)
  to   space 112576K, 0% used [0x00000000f8a70000,0x00000000f8a70000,0x00000000ff860000)
 ParOldGen       total 597184K, used 597183K [0x00000000c0000000, 0x00000000e4730000, 0x00000000eaab0000)
  object space 597184K, 99% used [0x00000000c0000000,0x00000000e472fc00,0x00000000e4730000)
 PSPermGen       total 21248K, used 6435K [0x00000000bae00000, 0x00000000bc2c0000, 0x00000000c0000000)
  object space 21248K, 30% used [0x00000000bae00000,0x00000000bb448fd8,0x00000000bc2c0000)
Event: 42.786 GC heap after
Heap after GC invocations=51 (full 12):
 PSYoungGen      total 168384K, used 33822K [0x00000000eaab0000, 0x00000000ff860000, 0x0000000100000000)
  eden space 116544K, 29% used [0x00000000eaab0000,0x00000000ecbb7b08,0x00000000f1c80000)
  from space 51840K, 0% used [0x00000000f1c80000,0x00000000f1c80000,0x00000000f4f20000)
  to   space 112576K, 0% used [0x00000000f8a70000,0x00000000f8a70000,0x00000000ff860000)
 ParOldGen       total 597184K, used 597183K [0x00000000c0000000, 0x00000000e4730000, 0x00000000eaab0000)
  object space 597184K, 99% used [0x00000000c0000000,0x00000000e472fee0,0x00000000e4730000)
 PSPermGen       total 21248K, used 6435K [0x00000000bae00000, 0x00000000bc2c0000, 0x00000000c0000000)
  object space 21248K, 30% used [0x00000000bae00000,0x00000000bb448fd8,0x00000000bc2c0000)
}

