# JRE version: 7.0_13-b20
# Java VM: Java HotSpot(TM) 64-Bit Server VM (23.7-b01 mixed mode windows-amd64 compressed oops)
Heap
 PSYoungGen      total 223488K, used 145380K [0x00000000eaab0000, 0x00000000ffba0000, 0x0000000100000000)
  eden space 116544K, 68% used [0x00000000eaab0000,0x00000000ef88bea8,0x00000000f1c80000)
  from space 106944K, 61% used [0x00000000f9330000,0x00000000fd34d4f0,0x00000000ffba0000)
  to   space 111616K, 0% used [0x00000000f1c80000,0x00000000f1c80000,0x00000000f8980000)
 ParOldGen       total 617920K, used 437163K [0x00000000c0000000, 0x00000000e5b70000, 0x00000000eaab0000)
  object space 617920K, 70% used [0x00000000c0000000,0x00000000daaeaf40,0x00000000e5b70000)
 PSPermGen       total 21248K, used 6392K [0x00000000bae00000, 0x00000000bc2c0000, 0x00000000c0000000)
  object space 21248K, 30% used [0x00000000bae00000,0x00000000bb43e1b0,0x00000000bc2c0000)
GC Heap History (10 events):
Event: 24.065 GC heap before
{Heap before GC invocations=28 (full 7):
 PSYoungGen      total 233024K, used 21949K [0x00000000eaab0000, 0x0000000100000000, 0x0000000100000000)
  eden space 116544K, 0% used [0x00000000eaab0000,0x00000000eaab0000,0x00000000f1c80000)
  from space 116480K, 18% used [0x00000000f8e40000,0x00000000fa3af640,0x0000000100000000)
  to   space 116480K, 0% used [0x00000000f1c80000,0x00000000f1c80000,0x00000000f8e40000)
 ParOldGen       total 617920K, used 568959K [0x00000000c0000000, 0x00000000e5b70000, 0x00000000eaab0000)
  object space 617920K, 92% used [0x00000000c0000000,0x00000000e2b9fc08,0x00000000e5b70000)
 PSPermGen       total 21248K, used 6340K [0x00000000bae00000, 0x00000000bc2c0000, 0x00000000c0000000)
  object space 21248K, 29% used [0x00000000bae00000,0x00000000bb4313a8,0x00000000bc2c0000)
Event: 26.082 GC heap after
Heap after GC invocations=28 (full 7):
 PSYoungGen      total 233024K, used 0K [0x00000000eaab0000, 0x0000000100000000, 0x0000000100000000)
  eden space 116544K, 0% used [0x00000000eaab0000,0x00000000eaab0000,0x00000000f1c80000)
  from space 116480K, 0% used [0x00000000f8e40000,0x00000000f8e40000,0x0000000100000000)
  to   space 116480K, 0% used [0x00000000f1c80000,0x00000000f1c80000,0x00000000f8e40000)
 ParOldGen       total 617920K, used 421279K [0x00000000c0000000, 0x00000000e5b70000, 0x00000000eaab0000)
  object space 617920K, 68% used [0x00000000c0000000,0x00000000d9b67f30,0x00000000e5b70000)
 PSPermGen       total 21248K, used 6340K [0x00000000bae00000, 0x00000000bc2c0000, 0x00000000c0000000)
  object space 21248K, 29% used [0x00000000bae00000,0x00000000bb4313a8,0x00000000bc2c0000)
}
Event: 26.314 GC heap before
{Heap before GC invocations=29 (full 7):
 PSYoungGen      total 233024K, used 116544K [0x00000000eaab0000, 0x0000000100000000, 0x0000000100000000)
  eden space 116544K, 100% used [0x00000000eaab0000,0x00000000f1c80000,0x00000000f1c80000)
  from space 116480K, 0% used [0x00000000f8e40000,0x00000000f8e40000,0x0000000100000000)
  to   space 116480K, 0% used [0x00000000f1c80000,0x00000000f1c80000,0x00000000f8e40000)
 ParOldGen       total 617920K, used 421279K [0x00000000c0000000, 0x00000000e5b70000, 0x00000000eaab0000)
  object space 617920K, 68% used [0x00000000c0000000,0x00000000d9b67f30,0x00000000e5b70000)
 PSPermGen       total 21248K, used 6342K [0x00000000bae00000, 0x00000000bc2c0000, 0x00000000c0000000)
  object space 21248K, 29% used [0x00000000bae00000,0x00000000bb4319a0,0x00000000bc2c0000)
Event: 26.353 GC heap after
Heap after GC invocations=29 (full 7):
 PSYoungGen      total 233024K, used 19165K [0x00000000eaab0000, 0x0000000100000000, 0x0000000100000000)
  eden space 116544K, 0% used [0x00000000eaab0000,0x00000000eaab0000,0x00000000f1c80000)
  from space 116480K, 16% used [0x00000000f1c80000,0x00000000f2f37588,0x00000000f8e40000)
  to   space 116480K, 0% used [0x00000000f8e40000,0x00000000f8e40000,0x0000000100000000)
 ParOldGen       total 617920K, used 421279K [0x00000000c0000000, 0x00000000e5b70000, 0x00000000eaab0000)
  object space 617920K, 68% used [0x00000000c0000000,0x00000000d9b67f30,0x00000000e5b70000)
 PSPermGen       total 21248K, used 6342K [0x00000000bae00000, 0x00000000bc2c0000, 0x00000000c0000000)
  object space 21248K, 29% used [0x00000000bae00000,0x00000000bb4319a0,0x00000000bc2c0000)
}
Event: 26.580 GC heap before
{Heap before GC invocations=30 (full 7):
 PSYoungGen      total 233024K, used 135709K [0x00000000eaab0000, 0x0000000100000000, 0x0000000100000000)
  eden space 116544K, 100% used [0x00000000eaab0000,0x00000000f1c80000,0x00000000f1c80000)
  from space 116480K, 16% used [0x00000000f1c80000,0x00000000f2f37588,0x00000000f8e40000)
  to   space 116480K, 0% used [0x00000000f8e40000,0x00000000f8e40000,0x0000000100000000)
 ParOldGen       total 617920K, used 421279K [0x00000000c0000000, 0x00000000e5b70000, 0x00000000eaab0000)
  object space 617920K, 68% used [0x00000000c0000000,0x00000000d9b67f30,0x00000000e5b70000)
 PSPermGen       total 21248K, used 6343K [0x00000000bae00000, 0x00000000bc2c0000, 0x00000000c0000000)
  object space 21248K, 29% used [0x00000000bae00000,0x00000000bb431ff0,0x00000000bc2c0000)
Event: 26.662 GC heap after
Heap after GC invocations=30 (full 7):
 PSYoungGen      total 223296K, used 30877K [0x00000000eaab0000, 0x00000000ff680000, 0x0000000100000000)
  eden space 116544K, 0% used [0x00000000eaab0000,0x00000000eaab0000,0x00000000f1c80000)
  from space 106752K, 28% used [0x00000000f8e40000,0x00000000fac676d0,0x00000000ff680000)
  to   space 111616K, 0% used [0x00000000f1c80000,0x00000000f1c80000,0x00000000f8980000)
 ParOldGen       total 617920K, used 437163K [0x00000000c0000000, 0x00000000e5b70000, 0x00000000eaab0000)
  object space 617920K, 70% used [0x00000000c0000000,0x00000000daaeaf40,0x00000000e5b70000)
 PSPermGen       total 21248K, used 6343K [0x00000000bae00000, 0x00000000bc2c0000, 0x00000000c0000000)
  object space 21248K, 29% used [0x00000000bae00000,0x00000000bb431ff0,0x00000000bc2c0000)
}
Event: 27.061 GC heap before
{Heap before GC invocations=31 (full 7):
 PSYoungGen      total 223296K, used 147421K [0x00000000eaab0000, 0x00000000ff680000, 0x0000000100000000)
  eden space 116544K, 100% used [0x00000000eaab0000,0x00000000f1c80000,0x00000000f1c80000)
  from space 106752K, 28% used [0x00000000f8e40000,0x00000000fac676d0,0x00000000ff680000)
  to   space 111616K, 0% used [0x00000000f1c80000,0x00000000f1c80000,0x00000000f8980000)
 ParOldGen       total 617920K, used 437163K [0x00000000c0000000, 0x00000000e5b70000, 0x00000000eaab0000)
  object space 617920K, 70% used [0x00000000c0000000,0x00000000daaeaf40,0x00000000e5b70000)
 PSPermGen       total 21248K, used 6363K [0x00000000bae00000, 0x00000000bc2c0000, 0x00000000c0000000)
  object space 21248K, 29% used [0x00000000bae00000,0x00000000bb436ea0,0x00000000bc2c0000)
Event: 27.140 GC heap after
Heap after GC invocations=31 (full 7):
 PSYoungGen      total 228160K, used 47524K [0x00000000eaab0000, 0x00000000ffba0000, 0x0000000100000000)
  eden space 116544K, 0% used [0x00000000eaab0000,0x00000000eaab0000,0x00000000f1c80000)
  from space 111616K, 42% used [0x00000000f1c80000,0x00000000f4ae9330,0x00000000f8980000)
  to   space 106944K, 0% used [0x00000000f9330000,0x00000000f9330000,0x00000000ffba0000)
 ParOldGen       total 617920K, used 437163K [0x00000000c0000000, 0x00000000e5b70000, 0x00000000eaab0000)
  object space 617920K, 70% used [0x00000000c0000000,0x00000000daaeaf40,0x00000000e5b70000)
 PSPermGen       total 21248K, used 6363K [0x00000000bae00000, 0x00000000bc2c0000, 0x00000000c0000000)
  object space 21248K, 29% used [0x00000000bae00000,0x00000000bb436ea0,0x00000000bc2c0000)
}
Event: 27.425 GC heap before
{Heap before GC invocations=32 (full 7):
 PSYoungGen      total 228160K, used 164068K [0x00000000eaab0000, 0x00000000ffba0000, 0x0000000100000000)
  eden space 116544K, 100% used [0x00000000eaab0000,0x00000000f1c80000,0x00000000f1c80000)
  from space 111616K, 42% used [0x00000000f1c80000,0x00000000f4ae9330,0x00000000f8980000)
  to   space 106944K, 0% used [0x00000000f9330000,0x00000000f9330000,0x00000000ffba0000)
 ParOldGen       total 617920K, used 437163K [0x00000000c0000000, 0x00000000e5b70000, 0x00000000eaab0000)
  object space 617920K, 70% used [0x00000000c0000000,0x00000000daaeaf40,0x00000000e5b70000)
 PSPermGen       total 21248K, used 6385K [0x00000000bae00000, 0x00000000bc2c0000, 0x00000000c0000000)
  object space 21248K, 30% used [0x00000000bae00000,0x00000000bb43c600,0x00000000bc2c0000)
Event: 27.515 GC heap after
Heap after GC invocations=32 (full 7):
 PSYoungGen      total 223488K, used 65653K [0x00000000eaab0000, 0x00000000ffba0000, 0x0000000100000000)
  eden space 116544K, 0% used [0x00000000eaab0000,0x00000000eaab0000,0x00000000f1c80000)
  from space 106944K, 61% used [0x00000000f9330000,0x00000000fd34d4f0,0x00000000ffba0000)
  to   space 111616K, 0% used [0x00000000f1c80000,0x00000000f1c80000,0x00000000f8980000)
 ParOldGen       total 617920K, used 437163K [0x00000000c0000000, 0x00000000e5b70000, 0x00000000eaab0000)
  object space 617920K, 70% used [0x00000000c0000000,0x00000000daaeaf40,0x00000000e5b70000)
 PSPermGen       total 21248K, used 6385K [0x00000000bae00000, 0x00000000bc2c0000, 0x00000000c0000000)
  object space 21248K, 30% used [0x00000000bae00000,0x00000000bb43c600,0x00000000bc2c0000)
}

