# JRE version: 7.0_13-b20
# Java VM: Java HotSpot(TM) 64-Bit Server VM (23.7-b01 mixed mode windows-amd64 compressed oops)
Heap
 PSYoungGen      total 233024K, used 109959K [0x00000000eaab0000, 0x0000000100000000, 0x0000000100000000)
  eden space 116544K, 30% used [0x00000000eaab0000,0x00000000ecda2658,0x00000000f1c80000)
  from space 116480K, 63% used [0x00000000f8e40000,0x00000000fd6af888,0x0000000100000000)
  to   space 116480K, 0% used [0x00000000f1c80000,0x00000000f1c80000,0x00000000f8e40000)
 ParOldGen       total 699072K, used 500507K [0x00000000c0000000, 0x00000000eaab0000, 0x00000000eaab0000)
  object space 699072K, 71% used [0x00000000c0000000,0x00000000de8c6e10,0x00000000eaab0000)
 PSPermGen       total 21248K, used 6425K [0x00000000bae00000, 0x00000000bc2c0000, 0x00000000c0000000)
  object space 21248K, 30% used [0x00000000bae00000,0x00000000bb4464f0,0x00000000bc2c0000)
GC Heap History (10 events):
Event: 27.612 GC heap before
{Heap before GC invocations=35 (full 7):
 PSYoungGen      total 164288K, used 164251K [0x00000000eaab0000, 0x00000000ff170000, 0x0000000100000000)
  eden space 118528K, 100% used [0x00000000eaab0000,0x00000000f1e70000,0x00000000f1e70000)
  from space 45760K, 99% used [0x00000000f1e70000,0x00000000f4b16de0,0x00000000f4b20000)
  to   space 105344K, 0% used [0x00000000f8a90000,0x00000000f8a90000,0x00000000ff170000)
 ParOldGen       total 699072K, used 437597K [0x00000000c0000000, 0x00000000eaab0000, 0x00000000eaab0000)
  object space 699072K, 62% used [0x00000000c0000000,0x00000000dab57768,0x00000000eaab0000)
 PSPermGen       total 21248K, used 6403K [0x00000000bae00000, 0x00000000bc2c0000, 0x00000000c0000000)
  object space 21248K, 30% used [0x00000000bae00000,0x00000000bb440ef8,0x00000000bc2c0000)
Event: 27.730 GC heap after
Heap after GC invocations=35 (full 7):
 PSYoungGen      total 228608K, used 63890K [0x00000000eaab0000, 0x00000000ff9c0000, 0x0000000100000000)
  eden space 123264K, 0% used [0x00000000eaab0000,0x00000000eaab0000,0x00000000f2310000)
  from space 105344K, 60% used [0x00000000f8a90000,0x00000000fc8f4a70,0x00000000ff170000)
  to   space 105984K, 0% used [0x00000000f2310000,0x00000000f2310000,0x00000000f8a90000)
 ParOldGen       total 699072K, used 437597K [0x00000000c0000000, 0x00000000eaab0000, 0x00000000eaab0000)
  object space 699072K, 62% used [0x00000000c0000000,0x00000000dab57768,0x00000000eaab0000)
 PSPermGen       total 21248K, used 6403K [0x00000000bae00000, 0x00000000bc2c0000, 0x00000000c0000000)
  object space 21248K, 30% used [0x00000000bae00000,0x00000000bb440ef8,0x00000000bc2c0000)
}
Event: 28.092 GC heap before
{Heap before GC invocations=36 (full 7):
 PSYoungGen      total 228608K, used 187154K [0x00000000eaab0000, 0x00000000ff9c0000, 0x0000000100000000)
  eden space 123264K, 100% used [0x00000000eaab0000,0x00000000f2310000,0x00000000f2310000)
  from space 105344K, 60% used [0x00000000f8a90000,0x00000000fc8f4a70,0x00000000ff170000)
  to   space 105984K, 0% used [0x00000000f2310000,0x00000000f2310000,0x00000000f8a90000)
 ParOldGen       total 699072K, used 437597K [0x00000000c0000000, 0x00000000eaab0000, 0x00000000eaab0000)
  object space 699072K, 62% used [0x00000000c0000000,0x00000000dab57768,0x00000000eaab0000)
 PSPermGen       total 21248K, used 6414K [0x00000000bae00000, 0x00000000bc2c0000, 0x00000000c0000000)
  object space 21248K, 30% used [0x00000000bae00000,0x00000000bb443b10,0x00000000bc2c0000)
Event: 28.238 GC heap after
Heap after GC invocations=36 (full 7):
 PSYoungGen      total 229248K, used 85738K [0x00000000eaab0000, 0x0000000100000000, 0x0000000100000000)
  eden space 123264K, 0% used [0x00000000eaab0000,0x00000000eaab0000,0x00000000f2310000)
  from space 105984K, 80% used [0x00000000f2310000,0x00000000f76ca8c8,0x00000000f8a90000)
  to   space 114176K, 0% used [0x00000000f9080000,0x00000000f9080000,0x0000000100000000)
 ParOldGen       total 699072K, used 437597K [0x00000000c0000000, 0x00000000eaab0000, 0x00000000eaab0000)
  object space 699072K, 62% used [0x00000000c0000000,0x00000000dab57768,0x00000000eaab0000)
 PSPermGen       total 21248K, used 6414K [0x00000000bae00000, 0x00000000bc2c0000, 0x00000000c0000000)
  object space 21248K, 30% used [0x00000000bae00000,0x00000000bb443b10,0x00000000bc2c0000)
}
Event: 28.656 GC heap before
{Heap before GC invocations=37 (full 7):
 PSYoungGen      total 229248K, used 209002K [0x00000000eaab0000, 0x0000000100000000, 0x0000000100000000)
  eden space 123264K, 100% used [0x00000000eaab0000,0x00000000f2310000,0x00000000f2310000)
  from space 105984K, 80% used [0x00000000f2310000,0x00000000f76ca8c8,0x00000000f8a90000)
  to   space 114176K, 0% used [0x00000000f9080000,0x00000000f9080000,0x0000000100000000)
 ParOldGen       total 699072K, used 437597K [0x00000000c0000000, 0x00000000eaab0000, 0x00000000eaab0000)
  object space 699072K, 62% used [0x00000000c0000000,0x00000000dab57768,0x00000000eaab0000)
 PSPermGen       total 21248K, used 6417K [0x00000000bae00000, 0x00000000bc2c0000, 0x00000000c0000000)
  object space 21248K, 30% used [0x00000000bae00000,0x00000000bb4444f8,0x00000000bc2c0000)
Event: 28.864 GC heap after
Heap after GC invocations=37 (full 7):
 PSYoungGen      total 230720K, used 102678K [0x00000000eaab0000, 0x0000000100000000, 0x0000000100000000)
  eden space 116544K, 0% used [0x00000000eaab0000,0x00000000eaab0000,0x00000000f1c80000)
  from space 114176K, 89% used [0x00000000f9080000,0x00000000ff4c5b40,0x0000000100000000)
  to   space 116480K, 0% used [0x00000000f1c80000,0x00000000f1c80000,0x00000000f8e40000)
 ParOldGen       total 699072K, used 437597K [0x00000000c0000000, 0x00000000eaab0000, 0x00000000eaab0000)
  object space 699072K, 62% used [0x00000000c0000000,0x00000000dab57768,0x00000000eaab0000)
 PSPermGen       total 21248K, used 6417K [0x00000000bae00000, 0x00000000bc2c0000, 0x00000000c0000000)
  object space 21248K, 30% used [0x00000000bae00000,0x00000000bb4444f8,0x00000000bc2c0000)
}
Event: 29.196 GC heap before
{Heap before GC invocations=38 (full 7):
 PSYoungGen      total 230720K, used 219222K [0x00000000eaab0000, 0x0000000100000000, 0x0000000100000000)
  eden space 116544K, 100% used [0x00000000eaab0000,0x00000000f1c80000,0x00000000f1c80000)
  from space 114176K, 89% used [0x00000000f9080000,0x00000000ff4c5b40,0x0000000100000000)
  to   space 116480K, 0% used [0x00000000f1c80000,0x00000000f1c80000,0x00000000f8e40000)
 ParOldGen       total 699072K, used 437597K [0x00000000c0000000, 0x00000000eaab0000, 0x00000000eaab0000)
  object space 699072K, 62% used [0x00000000c0000000,0x00000000dab57768,0x00000000eaab0000)
 PSPermGen       total 21248K, used 6419K [0x00000000bae00000, 0x00000000bc2c0000, 0x00000000c0000000)
  object space 21248K, 30% used [0x00000000bae00000,0x00000000bb444e48,0x00000000bc2c0000)
Event: 29.404 GC heap after
Heap after GC invocations=38 (full 7):
 PSYoungGen      total 233024K, used 99171K [0x00000000eaab0000, 0x0000000100000000, 0x0000000100000000)
  eden space 116544K, 0% used [0x00000000eaab0000,0x00000000eaab0000,0x00000000f1c80000)
  from space 116480K, 85% used [0x00000000f1c80000,0x00000000f7d58eb0,0x00000000f8e40000)
  to   space 116480K, 0% used [0x00000000f8e40000,0x00000000f8e40000,0x0000000100000000)
 ParOldGen       total 699072K, used 457740K [0x00000000c0000000, 0x00000000eaab0000, 0x00000000eaab0000)
  object space 699072K, 65% used [0x00000000c0000000,0x00000000dbf03258,0x00000000eaab0000)
 PSPermGen       total 21248K, used 6419K [0x00000000bae00000, 0x00000000bc2c0000, 0x00000000c0000000)
  object space 21248K, 30% used [0x00000000bae00000,0x00000000bb444e48,0x00000000bc2c0000)
}
Event: 29.738 GC heap before
{Heap before GC invocations=39 (full 7):
 PSYoungGen      total 233024K, used 215715K [0x00000000eaab0000, 0x0000000100000000, 0x0000000100000000)
  eden space 116544K, 100% used [0x00000000eaab0000,0x00000000f1c80000,0x00000000f1c80000)
  from space 116480K, 85% used [0x00000000f1c80000,0x00000000f7d58eb0,0x00000000f8e40000)
  to   space 116480K, 0% used [0x00000000f8e40000,0x00000000f8e40000,0x0000000100000000)
 ParOldGen       total 699072K, used 457740K [0x00000000c0000000, 0x00000000eaab0000, 0x00000000eaab0000)
  object space 699072K, 65% used [0x00000000c0000000,0x00000000dbf03258,0x00000000eaab0000)
 PSPermGen       total 21248K, used 6424K [0x00000000bae00000, 0x00000000bc2c0000, 0x00000000c0000000)
  object space 21248K, 30% used [0x00000000bae00000,0x00000000bb446088,0x00000000bc2c0000)
Event: 29.926 GC heap after
Heap after GC invocations=39 (full 7):
 PSYoungGen      total 233024K, used 74174K [0x00000000eaab0000, 0x0000000100000000, 0x0000000100000000)
  eden space 116544K, 0% used [0x00000000eaab0000,0x00000000eaab0000,0x00000000f1c80000)
  from space 116480K, 63% used [0x00000000f8e40000,0x00000000fd6af888,0x0000000100000000)
  to   space 116480K, 0% used [0x00000000f1c80000,0x00000000f1c80000,0x00000000f8e40000)
 ParOldGen       total 699072K, used 500507K [0x00000000c0000000, 0x00000000eaab0000, 0x00000000eaab0000)
  object space 699072K, 71% used [0x00000000c0000000,0x00000000de8c6e10,0x00000000eaab0000)
 PSPermGen       total 21248K, used 6424K [0x00000000bae00000, 0x00000000bc2c0000, 0x00000000c0000000)
  object space 21248K, 30% used [0x00000000bae00000,0x00000000bb446088,0x00000000bc2c0000)
}

