# JRE version: 7.0_13-b20
# Java VM: Java HotSpot(TM) 64-Bit Server VM (23.7-b01 mixed mode windows-amd64 compressed oops)
Heap
 PSYoungGen      total 233024K, used 36106K [0x00000000eaab0000, 0x0000000100000000, 0x0000000100000000)
  eden space 116544K, 30% used [0x00000000eaab0000,0x00000000ecdf2aa8,0x00000000f1c80000)
  from space 116480K, 0% used [0x00000000f1c80000,0x00000000f1c80000,0x00000000f8e40000)
  to   space 116480K, 0% used [0x00000000f8e40000,0x00000000f8e40000,0x0000000100000000)
 ParOldGen       total 576128K, used 375389K [0x00000000c0000000, 0x00000000e32a0000, 0x00000000eaab0000)
  object space 576128K, 65% used [0x00000000c0000000,0x00000000d6e97728,0x00000000e32a0000)
 PSPermGen       total 21248K, used 6332K [0x00000000bae00000, 0x00000000bc2c0000, 0x00000000c0000000)
  object space 21248K, 29% used [0x00000000bae00000,0x00000000bb42f198,0x00000000bc2c0000)
GC Heap History (10 events):
Event: 16.600 GC heap before
{Heap before GC invocations=16 (full 3):
 PSYoungGen      total 284352K, used 282741K [0x00000000eaab0000, 0x0000000100000000, 0x0000000100000000)
  eden space 233792K, 100% used [0x00000000eaab0000,0x00000000f8f00000,0x00000000f8f00000)
  from space 50560K, 96% used [0x00000000fcea0000,0x00000000ffe6d5d0,0x0000000100000000)
  to   space 57856K, 0% used [0x00000000f8f00000,0x00000000f8f00000,0x00000000fc780000)
 ParOldGen       total 242816K, used 149950K [0x00000000c0000000, 0x00000000ced20000, 0x00000000eaab0000)
  object space 242816K, 61% used [0x00000000c0000000,0x00000000c926fa40,0x00000000ced20000)
 PSPermGen       total 21248K, used 6318K [0x00000000bae00000, 0x00000000bc2c0000, 0x00000000c0000000)
  object space 21248K, 29% used [0x00000000bae00000,0x00000000bb42b878,0x00000000bc2c0000)
Event: 16.770 GC heap after
Heap after GC invocations=16 (full 3):
 PSYoungGen      total 291648K, used 57846K [0x00000000eaab0000, 0x0000000100000000, 0x0000000100000000)
  eden space 233792K, 0% used [0x00000000eaab0000,0x00000000eaab0000,0x00000000f8f00000)
  from space 57856K, 99% used [0x00000000f8f00000,0x00000000fc77da00,0x00000000fc780000)
  to   space 57856K, 0% used [0x00000000fc780000,0x00000000fc780000,0x0000000100000000)
 ParOldGen       total 242816K, used 242050K [0x00000000c0000000, 0x00000000ced20000, 0x00000000eaab0000)
  object space 242816K, 99% used [0x00000000c0000000,0x00000000cec60808,0x00000000ced20000)
 PSPermGen       total 21248K, used 6318K [0x00000000bae00000, 0x00000000bc2c0000, 0x00000000c0000000)
  object space 21248K, 29% used [0x00000000bae00000,0x00000000bb42b878,0x00000000bc2c0000)
}
Event: 16.770 GC heap before
{Heap before GC invocations=17 (full 4):
 PSYoungGen      total 291648K, used 57846K [0x00000000eaab0000, 0x0000000100000000, 0x0000000100000000)
  eden space 233792K, 0% used [0x00000000eaab0000,0x00000000eaab0000,0x00000000f8f00000)
  from space 57856K, 99% used [0x00000000f8f00000,0x00000000fc77da00,0x00000000fc780000)
  to   space 57856K, 0% used [0x00000000fc780000,0x00000000fc780000,0x0000000100000000)
 ParOldGen       total 242816K, used 242050K [0x00000000c0000000, 0x00000000ced20000, 0x00000000eaab0000)
  object space 242816K, 99% used [0x00000000c0000000,0x00000000cec60808,0x00000000ced20000)
 PSPermGen       total 21248K, used 6318K [0x00000000bae00000, 0x00000000bc2c0000, 0x00000000c0000000)
  object space 21248K, 29% used [0x00000000bae00000,0x00000000bb42b878,0x00000000bc2c0000)
Event: 17.960 GC heap after
Heap after GC invocations=17 (full 4):
 PSYoungGen      total 291648K, used 52292K [0x00000000eaab0000, 0x0000000100000000, 0x0000000100000000)
  eden space 233792K, 0% used [0x00000000eaab0000,0x00000000eaab0000,0x00000000f8f00000)
  from space 57856K, 90% used [0x00000000f8f00000,0x00000000fc211058,0x00000000fc780000)
  to   space 57856K, 0% used [0x00000000fc780000,0x00000000fc780000,0x0000000100000000)
 ParOldGen       total 394304K, used 242812K [0x00000000c0000000, 0x00000000d8110000, 0x00000000eaab0000)
  object space 394304K, 61% used [0x00000000c0000000,0x00000000ced1f268,0x00000000d8110000)
 PSPermGen       total 21248K, used 6317K [0x00000000bae00000, 0x00000000bc2c0000, 0x00000000c0000000)
  object space 21248K, 29% used [0x00000000bae00000,0x00000000bb42b7f8,0x00000000bc2c0000)
}
Event: 18.502 GC heap before
{Heap before GC invocations=18 (full 4):
 PSYoungGen      total 291648K, used 286084K [0x00000000eaab0000, 0x0000000100000000, 0x0000000100000000)
  eden space 233792K, 100% used [0x00000000eaab0000,0x00000000f8f00000,0x00000000f8f00000)
  from space 57856K, 90% used [0x00000000f8f00000,0x00000000fc211058,0x00000000fc780000)
  to   space 57856K, 0% used [0x00000000fc780000,0x00000000fc780000,0x0000000100000000)
 ParOldGen       total 394304K, used 242812K [0x00000000c0000000, 0x00000000d8110000, 0x00000000eaab0000)
  object space 394304K, 61% used [0x00000000c0000000,0x00000000ced1f268,0x00000000d8110000)
 PSPermGen       total 21248K, used 6327K [0x00000000bae00000, 0x00000000bc2c0000, 0x00000000c0000000)
  object space 21248K, 29% used [0x00000000bae00000,0x00000000bb42dfc8,0x00000000bc2c0000)
Event: 18.885 GC heap after
Heap after GC invocations=18 (full 4):
 PSYoungGen      total 174400K, used 57846K [0x00000000eaab0000, 0x0000000100000000, 0x0000000100000000)
  eden space 116544K, 0% used [0x00000000eaab0000,0x00000000eaab0000,0x00000000f1c80000)
  from space 57856K, 99% used [0x00000000fc780000,0x00000000ffffd960,0x0000000100000000)
  to   space 116480K, 0% used [0x00000000f1c80000,0x00000000f1c80000,0x00000000f8e40000)
 ParOldGen       total 394304K, used 307614K [0x00000000c0000000, 0x00000000d8110000, 0x00000000eaab0000)
  object space 394304K, 78% used [0x00000000c0000000,0x00000000d2c67bd0,0x00000000d8110000)
 PSPermGen       total 21248K, used 6327K [0x00000000bae00000, 0x00000000bc2c0000, 0x00000000c0000000)
  object space 21248K, 29% used [0x00000000bae00000,0x00000000bb42dfc8,0x00000000bc2c0000)
}
Event: 19.253 GC heap before
{Heap before GC invocations=19 (full 4):
 PSYoungGen      total 174400K, used 174390K [0x00000000eaab0000, 0x0000000100000000, 0x0000000100000000)
  eden space 116544K, 100% used [0x00000000eaab0000,0x00000000f1c80000,0x00000000f1c80000)
  from space 57856K, 99% used [0x00000000fc780000,0x00000000ffffd960,0x0000000100000000)
  to   space 116480K, 0% used [0x00000000f1c80000,0x00000000f1c80000,0x00000000f8e40000)
 ParOldGen       total 394304K, used 307614K [0x00000000c0000000, 0x00000000d8110000, 0x00000000eaab0000)
  object space 394304K, 78% used [0x00000000c0000000,0x00000000d2c67bd0,0x00000000d8110000)
 PSPermGen       total 21248K, used 6332K [0x00000000bae00000, 0x00000000bc2c0000, 0x00000000c0000000)
  object space 21248K, 29% used [0x00000000bae00000,0x00000000bb42f1b8,0x00000000bc2c0000)
Event: 19.374 GC heap after
Heap after GC invocations=19 (full 4):
 PSYoungGen      total 233024K, used 15868K [0x00000000eaab0000, 0x0000000100000000, 0x0000000100000000)
  eden space 116544K, 0% used [0x00000000eaab0000,0x00000000eaab0000,0x00000000f1c80000)
  from space 116480K, 13% used [0x00000000f1c80000,0x00000000f2bff3d0,0x00000000f8e40000)
  to   space 116480K, 0% used [0x00000000f8e40000,0x00000000f8e40000,0x0000000100000000)
 ParOldGen       total 394304K, used 364159K [0x00000000c0000000, 0x00000000d8110000, 0x00000000eaab0000)
  object space 394304K, 92% used [0x00000000c0000000,0x00000000d639fe28,0x00000000d8110000)
 PSPermGen       total 21248K, used 6332K [0x00000000bae00000, 0x00000000bc2c0000, 0x00000000c0000000)
  object space 21248K, 29% used [0x00000000bae00000,0x00000000bb42f1b8,0x00000000bc2c0000)
}
Event: 19.374 GC heap before
{Heap before GC invocations=20 (full 5):
 PSYoungGen      total 233024K, used 15868K [0x00000000eaab0000, 0x0000000100000000, 0x0000000100000000)
  eden space 116544K, 0% used [0x00000000eaab0000,0x00000000eaab0000,0x00000000f1c80000)
  from space 116480K, 13% used [0x00000000f1c80000,0x00000000f2bff3d0,0x00000000f8e40000)
  to   space 116480K, 0% used [0x00000000f8e40000,0x00000000f8e40000,0x0000000100000000)
 ParOldGen       total 394304K, used 364159K [0x00000000c0000000, 0x00000000d8110000, 0x00000000eaab0000)
  object space 394304K, 92% used [0x00000000c0000000,0x00000000d639fe28,0x00000000d8110000)
 PSPermGen       total 21248K, used 6332K [0x00000000bae00000, 0x00000000bc2c0000, 0x00000000c0000000)
  object space 21248K, 29% used [0x00000000bae00000,0x00000000bb42f1b8,0x00000000bc2c0000)
Event: 20.751 GC heap after
Heap after GC invocations=20 (full 5):
 PSYoungGen      total 233024K, used 0K [0x00000000eaab0000, 0x0000000100000000, 0x0000000100000000)
  eden space 116544K, 0% used [0x00000000eaab0000,0x00000000eaab0000,0x00000000f1c80000)
  from space 116480K, 0% used [0x00000000f1c80000,0x00000000f1c80000,0x00000000f8e40000)
  to   space 116480K, 0% used [0x00000000f8e40000,0x00000000f8e40000,0x0000000100000000)
 ParOldGen       total 576128K, used 375389K [0x00000000c0000000, 0x00000000e32a0000, 0x00000000eaab0000)
  object space 576128K, 65% used [0x00000000c0000000,0x00000000d6e97728,0x00000000e32a0000)
 PSPermGen       total 21248K, used 6332K [0x00000000bae00000, 0x00000000bc2c0000, 0x00000000c0000000)
  object space 21248K, 29% used [0x00000000bae00000,0x00000000bb42f198,0x00000000bc2c0000)
}

