# JRE version: 7.0_13-b20
# Java VM: Java HotSpot(TM) 64-Bit Server VM (23.7-b01 mixed mode windows-amd64 compressed oops)
Heap
 PSYoungGen      total 233024K, used 91052K [0x00000000eaab0000, 0x0000000100000000, 0x0000000100000000)
  eden space 116544K, 78% used [0x00000000eaab0000,0x00000000f039b148,0x00000000f1c80000)
  from space 116480K, 0% used [0x00000000f8e40000,0x00000000f8e40000,0x0000000100000000)
  to   space 116480K, 0% used [0x00000000f1c80000,0x00000000f1c80000,0x00000000f8e40000)
 ParOldGen       total 699072K, used 683205K [0x00000000c0000000, 0x00000000eaab0000, 0x00000000eaab0000)
  object space 699072K, 97% used [0x00000000c0000000,0x00000000e9b31538,0x00000000eaab0000)
 PSPermGen       total 21248K, used 6712K [0x00000000bae00000, 0x00000000bc2c0000, 0x00000000c0000000)
  object space 21248K, 31% used [0x00000000bae00000,0x00000000bb48e310,0x00000000bc2c0000)
GC Heap History (10 events):
Event: 85.905 GC heap before
{Heap before GC invocations=67 (full 32):
 PSYoungGen      total 233024K, used 229935K [0x00000000eaab0000, 0x0000000100000000, 0x0000000100000000)
  eden space 116544K, 100% used [0x00000000eaab0000,0x00000000f1c80000,0x00000000f1c80000)
  from space 116480K, 97% used [0x00000000f8e40000,0x00000000ffcfbff0,0x0000000100000000)
  to   space 116480K, 0% used [0x00000000f1c80000,0x00000000f1c80000,0x00000000f8e40000)
 ParOldGen       total 699072K, used 507007K [0x00000000c0000000, 0x00000000eaab0000, 0x00000000eaab0000)
  object space 699072K, 72% used [0x00000000c0000000,0x00000000def1fe38,0x00000000eaab0000)
 PSPermGen       total 21248K, used 6436K [0x00000000bae00000, 0x00000000bc2c0000, 0x00000000c0000000)
  object space 21248K, 30% used [0x00000000bae00000,0x00000000bb449280,0x00000000bc2c0000)
Event: 86.073 GC heap after
Heap after GC invocations=67 (full 32):
 PSYoungGen      total 233024K, used 116451K [0x00000000eaab0000, 0x0000000100000000, 0x0000000100000000)
  eden space 116544K, 0% used [0x00000000eaab0000,0x00000000eaab0000,0x00000000f1c80000)
  from space 116480K, 99% used [0x00000000f1c80000,0x00000000f8e38f78,0x00000000f8e40000)
  to   space 116480K, 0% used [0x00000000f8e40000,0x00000000f8e40000,0x0000000100000000)
 ParOldGen       total 699072K, used 522541K [0x00000000c0000000, 0x00000000eaab0000, 0x00000000eaab0000)
  object space 699072K, 74% used [0x00000000c0000000,0x00000000dfe4b790,0x00000000eaab0000)
 PSPermGen       total 21248K, used 6436K [0x00000000bae00000, 0x00000000bc2c0000, 0x00000000c0000000)
  object space 21248K, 30% used [0x00000000bae00000,0x00000000bb449280,0x00000000bc2c0000)
}
Event: 86.220 GC heap before
{Heap before GC invocations=68 (full 32):
 PSYoungGen      total 233024K, used 232995K [0x00000000eaab0000, 0x0000000100000000, 0x0000000100000000)
  eden space 116544K, 100% used [0x00000000eaab0000,0x00000000f1c80000,0x00000000f1c80000)
  from space 116480K, 99% used [0x00000000f1c80000,0x00000000f8e38f78,0x00000000f8e40000)
  to   space 116480K, 0% used [0x00000000f8e40000,0x00000000f8e40000,0x0000000100000000)
 ParOldGen       total 699072K, used 522541K [0x00000000c0000000, 0x00000000eaab0000, 0x00000000eaab0000)
  object space 699072K, 74% used [0x00000000c0000000,0x00000000dfe4b790,0x00000000eaab0000)
 PSPermGen       total 21248K, used 6436K [0x00000000bae00000, 0x00000000bc2c0000, 0x00000000c0000000)
  object space 21248K, 30% used [0x00000000bae00000,0x00000000bb449280,0x00000000bc2c0000)
Event: 86.454 GC heap after
Heap after GC invocations=68 (full 32):
 PSYoungGen      total 233024K, used 19473K [0x00000000eaab0000, 0x0000000100000000, 0x0000000100000000)
  eden space 116544K, 0% used [0x00000000eaab0000,0x00000000eaab0000,0x00000000f1c80000)
  from space 116480K, 16% used [0x00000000f8e40000,0x00000000fa144770,0x0000000100000000)
  to   space 116480K, 0% used [0x00000000f1c80000,0x00000000f1c80000,0x00000000f8e40000)
 ParOldGen       total 699072K, used 639669K [0x00000000c0000000, 0x00000000eaab0000, 0x00000000eaab0000)
  object space 699072K, 91% used [0x00000000c0000000,0x00000000e70ad670,0x00000000eaab0000)
 PSPermGen       total 21248K, used 6436K [0x00000000bae00000, 0x00000000bc2c0000, 0x00000000c0000000)
  object space 21248K, 30% used [0x00000000bae00000,0x00000000bb449280,0x00000000bc2c0000)
}
Event: 86.454 GC heap before
{Heap before GC invocations=69 (full 33):
 PSYoungGen      total 233024K, used 19473K [0x00000000eaab0000, 0x0000000100000000, 0x0000000100000000)
  eden space 116544K, 0% used [0x00000000eaab0000,0x00000000eaab0000,0x00000000f1c80000)
  from space 116480K, 16% used [0x00000000f8e40000,0x00000000fa144770,0x0000000100000000)
  to   space 116480K, 0% used [0x00000000f1c80000,0x00000000f1c80000,0x00000000f8e40000)
 ParOldGen       total 699072K, used 639669K [0x00000000c0000000, 0x00000000eaab0000, 0x00000000eaab0000)
  object space 699072K, 91% used [0x00000000c0000000,0x00000000e70ad670,0x00000000eaab0000)
 PSPermGen       total 21248K, used 6436K [0x00000000bae00000, 0x00000000bc2c0000, 0x00000000c0000000)
  object space 21248K, 30% used [0x00000000bae00000,0x00000000bb449280,0x00000000bc2c0000)
Event: 89.235 GC heap after
Heap after GC invocations=69 (full 33):
 PSYoungGen      total 233024K, used 0K [0x00000000eaab0000, 0x0000000100000000, 0x0000000100000000)
  eden space 116544K, 0% used [0x00000000eaab0000,0x00000000eaab0000,0x00000000f1c80000)
  from space 116480K, 0% used [0x00000000f8e40000,0x00000000f8e40000,0x0000000100000000)
  to   space 116480K, 0% used [0x00000000f1c80000,0x00000000f1c80000,0x00000000f8e40000)
 ParOldGen       total 699072K, used 656595K [0x00000000c0000000, 0x00000000eaab0000, 0x00000000eaab0000)
  object space 699072K, 93% used [0x00000000c0000000,0x00000000e8134f80,0x00000000eaab0000)
 PSPermGen       total 21248K, used 6436K [0x00000000bae00000, 0x00000000bc2c0000, 0x00000000c0000000)
  object space 21248K, 30% used [0x00000000bae00000,0x00000000bb449280,0x00000000bc2c0000)
}
Event: 89.404 GC heap before
{Heap before GC invocations=70 (full 34):
 PSYoungGen      total 233024K, used 116544K [0x00000000eaab0000, 0x0000000100000000, 0x0000000100000000)
  eden space 116544K, 100% used [0x00000000eaab0000,0x00000000f1c80000,0x00000000f1c80000)
  from space 116480K, 0% used [0x00000000f8e40000,0x00000000f8e40000,0x0000000100000000)
  to   space 116480K, 0% used [0x00000000f1c80000,0x00000000f1c80000,0x00000000f8e40000)
 ParOldGen       total 699072K, used 656595K [0x00000000c0000000, 0x00000000eaab0000, 0x00000000eaab0000)
  object space 699072K, 93% used [0x00000000c0000000,0x00000000e8134f80,0x00000000eaab0000)
 PSPermGen       total 21248K, used 6436K [0x00000000bae00000, 0x00000000bc2c0000, 0x00000000c0000000)
  object space 21248K, 30% used [0x00000000bae00000,0x00000000bb449280,0x00000000bc2c0000)
Event: 91.253 GC heap after
Heap after GC invocations=70 (full 34):
 PSYoungGen      total 233024K, used 0K [0x00000000eaab0000, 0x0000000100000000, 0x0000000100000000)
  eden space 116544K, 0% used [0x00000000eaab0000,0x00000000eaab0000,0x00000000f1c80000)
  from space 116480K, 0% used [0x00000000f8e40000,0x00000000f8e40000,0x0000000100000000)
  to   space 116480K, 0% used [0x00000000f1c80000,0x00000000f1c80000,0x00000000f8e40000)
 ParOldGen       total 699072K, used 673935K [0x00000000c0000000, 0x00000000eaab0000, 0x00000000eaab0000)
  object space 699072K, 96% used [0x00000000c0000000,0x00000000e9223ee0,0x00000000eaab0000)
 PSPermGen       total 21248K, used 6436K [0x00000000bae00000, 0x00000000bc2c0000, 0x00000000c0000000)
  object space 21248K, 30% used [0x00000000bae00000,0x00000000bb449280,0x00000000bc2c0000)
}
Event: 92.442 GC heap before
{Heap before GC invocations=71 (full 35):
 PSYoungGen      total 233024K, used 116544K [0x00000000eaab0000, 0x0000000100000000, 0x0000000100000000)
  eden space 116544K, 100% used [0x00000000eaab0000,0x00000000f1c80000,0x00000000f1c80000)
  from space 116480K, 0% used [0x00000000f8e40000,0x00000000f8e40000,0x0000000100000000)
  to   space 116480K, 0% used [0x00000000f1c80000,0x00000000f1c80000,0x00000000f8e40000)
 ParOldGen       total 699072K, used 673935K [0x00000000c0000000, 0x00000000eaab0000, 0x00000000eaab0000)
  object space 699072K, 96% used [0x00000000c0000000,0x00000000e9223ee0,0x00000000eaab0000)
 PSPermGen       total 21248K, used 6516K [0x00000000bae00000, 0x00000000bc2c0000, 0x00000000c0000000)
  object space 21248K, 30% used [0x00000000bae00000,0x00000000bb45d1f0,0x00000000bc2c0000)
Event: 94.817 GC heap after
Heap after GC invocations=71 (full 35):
 PSYoungGen      total 233024K, used 0K [0x00000000eaab0000, 0x0000000100000000, 0x0000000100000000)
  eden space 116544K, 0% used [0x00000000eaab0000,0x00000000eaab0000,0x00000000f1c80000)
  from space 116480K, 0% used [0x00000000f8e40000,0x00000000f8e40000,0x0000000100000000)
  to   space 116480K, 0% used [0x00000000f1c80000,0x00000000f1c80000,0x00000000f8e40000)
 ParOldGen       total 699072K, used 683205K [0x00000000c0000000, 0x00000000eaab0000, 0x00000000eaab0000)
  object space 699072K, 97% used [0x00000000c0000000,0x00000000e9b31538,0x00000000eaab0000)
 PSPermGen       total 21248K, used 6516K [0x00000000bae00000, 0x00000000bc2c0000, 0x00000000c0000000)
  object space 21248K, 30% used [0x00000000bae00000,0x00000000bb45d140,0x00000000bc2c0000)
}

