# JRE version: 7.0_13-b20
# Java VM: Java HotSpot(TM) 64-Bit Server VM (23.7-b01 mixed mode windows-amd64 compressed oops)
Heap
 PSYoungGen      total 233024K, used 116544K [0x00000000eaab0000, 0x0000000100000000, 0x0000000100000000)
  eden space 116544K, 100% used [0x00000000eaab0000,0x00000000f1c80000,0x00000000f1c80000)
  from space 116480K, 0% used [0x00000000f1c80000,0x00000000f1c80000,0x00000000f8e40000)
  to   space 116480K, 0% used [0x00000000f8e40000,0x00000000f8e40000,0x0000000100000000)
 ParOldGen       total 486656K, used 486654K [0x00000000c0000000, 0x00000000ddb40000, 0x00000000eaab0000)
  object space 486656K, 99% used [0x00000000c0000000,0x00000000ddb3fb38,0x00000000ddb40000)
 PSPermGen       total 21248K, used 6427K [0x00000000bae00000, 0x00000000bc2c0000, 0x00000000c0000000)
  object space 21248K, 30% used [0x00000000bae00000,0x00000000bb446e28,0x00000000bc2c0000)
GC Heap History (10 events):
Event: 30.031 GC heap after
Heap after GC invocations=39 (full 10):
 PSYoungGen      total 233024K, used 0K [0x00000000eaab0000, 0x0000000100000000, 0x0000000100000000)
  eden space 116544K, 0% used [0x00000000eaab0000,0x00000000eaab0000,0x00000000f1c80000)
  from space 116480K, 0% used [0x00000000f1c80000,0x00000000f1c80000,0x00000000f8e40000)
  to   space 116480K, 0% used [0x00000000f8e40000,0x00000000f8e40000,0x0000000100000000)
 ParOldGen       total 486656K, used 436965K [0x00000000c0000000, 0x00000000ddb40000, 0x00000000eaab0000)
  object space 486656K, 89% used [0x00000000c0000000,0x00000000daab9480,0x00000000ddb40000)
 PSPermGen       total 21248K, used 6414K [0x00000000bae00000, 0x00000000bc2c0000, 0x00000000c0000000)
  object space 21248K, 30% used [0x00000000bae00000,0x00000000bb443970,0x00000000bc2c0000)
}
Event: 30.349 GC heap before
{Heap before GC invocations=40 (full 11):
 PSYoungGen      total 233024K, used 116544K [0x00000000eaab0000, 0x0000000100000000, 0x0000000100000000)
  eden space 116544K, 100% used [0x00000000eaab0000,0x00000000f1c80000,0x00000000f1c80000)
  from space 116480K, 0% used [0x00000000f1c80000,0x00000000f1c80000,0x00000000f8e40000)
  to   space 116480K, 0% used [0x00000000f8e40000,0x00000000f8e40000,0x0000000100000000)
 ParOldGen       total 486656K, used 436965K [0x00000000c0000000, 0x00000000ddb40000, 0x00000000eaab0000)
  object space 486656K, 89% used [0x00000000c0000000,0x00000000daab9480,0x00000000ddb40000)
 PSPermGen       total 21248K, used 6418K [0x00000000bae00000, 0x00000000bc2c0000, 0x00000000c0000000)
  object space 21248K, 30% used [0x00000000bae00000,0x00000000bb444b10,0x00000000bc2c0000)
Event: 31.665 GC heap after
Heap after GC invocations=40 (full 11):
 PSYoungGen      total 233024K, used 0K [0x00000000eaab0000, 0x0000000100000000, 0x0000000100000000)
  eden space 116544K, 0% used [0x00000000eaab0000,0x00000000eaab0000,0x00000000f1c80000)
  from space 116480K, 0% used [0x00000000f1c80000,0x00000000f1c80000,0x00000000f8e40000)
  to   space 116480K, 0% used [0x00000000f8e40000,0x00000000f8e40000,0x0000000100000000)
 ParOldGen       total 486656K, used 454508K [0x00000000c0000000, 0x00000000ddb40000, 0x00000000eaab0000)
  object space 486656K, 93% used [0x00000000c0000000,0x00000000dbbdb2c0,0x00000000ddb40000)
 PSPermGen       total 21248K, used 6418K [0x00000000bae00000, 0x00000000bc2c0000, 0x00000000c0000000)
  object space 21248K, 30% used [0x00000000bae00000,0x00000000bb444af0,0x00000000bc2c0000)
}
Event: 32.008 GC heap before
{Heap before GC invocations=41 (full 12):
 PSYoungGen      total 233024K, used 116544K [0x00000000eaab0000, 0x0000000100000000, 0x0000000100000000)
  eden space 116544K, 100% used [0x00000000eaab0000,0x00000000f1c80000,0x00000000f1c80000)
  from space 116480K, 0% used [0x00000000f1c80000,0x00000000f1c80000,0x00000000f8e40000)
  to   space 116480K, 0% used [0x00000000f8e40000,0x00000000f8e40000,0x0000000100000000)
 ParOldGen       total 486656K, used 454508K [0x00000000c0000000, 0x00000000ddb40000, 0x00000000eaab0000)
  object space 486656K, 93% used [0x00000000c0000000,0x00000000dbbdb2c0,0x00000000ddb40000)
 PSPermGen       total 21248K, used 6420K [0x00000000bae00000, 0x00000000bc2c0000, 0x00000000c0000000)
  object space 21248K, 30% used [0x00000000bae00000,0x00000000bb4453f8,0x00000000bc2c0000)
Event: 33.347 GC heap after
Heap after GC invocations=41 (full 12):
 PSYoungGen      total 233024K, used 0K [0x00000000eaab0000, 0x0000000100000000, 0x0000000100000000)
  eden space 116544K, 0% used [0x00000000eaab0000,0x00000000eaab0000,0x00000000f1c80000)
  from space 116480K, 0% used [0x00000000f1c80000,0x00000000f1c80000,0x00000000f8e40000)
  to   space 116480K, 0% used [0x00000000f8e40000,0x00000000f8e40000,0x0000000100000000)
 ParOldGen       total 486656K, used 470721K [0x00000000c0000000, 0x00000000ddb40000, 0x00000000eaab0000)
  object space 486656K, 96% used [0x00000000c0000000,0x00000000dcbb0518,0x00000000ddb40000)
 PSPermGen       total 21248K, used 6420K [0x00000000bae00000, 0x00000000bc2c0000, 0x00000000c0000000)
  object space 21248K, 30% used [0x00000000bae00000,0x00000000bb4453f8,0x00000000bc2c0000)
}
Event: 33.617 GC heap before
{Heap before GC invocations=42 (full 13):
 PSYoungGen      total 233024K, used 116544K [0x00000000eaab0000, 0x0000000100000000, 0x0000000100000000)
  eden space 116544K, 100% used [0x00000000eaab0000,0x00000000f1c80000,0x00000000f1c80000)
  from space 116480K, 0% used [0x00000000f1c80000,0x00000000f1c80000,0x00000000f8e40000)
  to   space 116480K, 0% used [0x00000000f8e40000,0x00000000f8e40000,0x0000000100000000)
 ParOldGen       total 486656K, used 470721K [0x00000000c0000000, 0x00000000ddb40000, 0x00000000eaab0000)
  object space 486656K, 96% used [0x00000000c0000000,0x00000000dcbb0518,0x00000000ddb40000)
 PSPermGen       total 21248K, used 6427K [0x00000000bae00000, 0x00000000bc2c0000, 0x00000000c0000000)
  object space 21248K, 30% used [0x00000000bae00000,0x00000000bb446d50,0x00000000bc2c0000)
Event: 36.062 GC heap after
Heap after GC invocations=42 (full 13):
 PSYoungGen      total 233024K, used 3098K [0x00000000eaab0000, 0x0000000100000000, 0x0000000100000000)
  eden space 116544K, 2% used [0x00000000eaab0000,0x00000000eadb6be8,0x00000000f1c80000)
  from space 116480K, 0% used [0x00000000f1c80000,0x00000000f1c80000,0x00000000f8e40000)
  to   space 116480K, 0% used [0x00000000f8e40000,0x00000000f8e40000,0x0000000100000000)
 ParOldGen       total 486656K, used 486652K [0x00000000c0000000, 0x00000000ddb40000, 0x00000000eaab0000)
  object space 486656K, 99% used [0x00000000c0000000,0x00000000ddb3f2e8,0x00000000ddb40000)
 PSPermGen       total 21248K, used 6427K [0x00000000bae00000, 0x00000000bc2c0000, 0x00000000c0000000)
  object space 21248K, 30% used [0x00000000bae00000,0x00000000bb446d30,0x00000000bc2c0000)
}
Event: 36.374 GC heap before
{Heap before GC invocations=43 (full 14):
 PSYoungGen      total 233024K, used 116544K [0x00000000eaab0000, 0x0000000100000000, 0x0000000100000000)
  eden space 116544K, 100% used [0x00000000eaab0000,0x00000000f1c80000,0x00000000f1c80000)
  from space 116480K, 0% used [0x00000000f1c80000,0x00000000f1c80000,0x00000000f8e40000)
  to   space 116480K, 0% used [0x00000000f8e40000,0x00000000f8e40000,0x0000000100000000)
 ParOldGen       total 486656K, used 486652K [0x00000000c0000000, 0x00000000ddb40000, 0x00000000eaab0000)
  object space 486656K, 99% used [0x00000000c0000000,0x00000000ddb3f2e8,0x00000000ddb40000)
 PSPermGen       total 21248K, used 6427K [0x00000000bae00000, 0x00000000bc2c0000, 0x00000000c0000000)
  object space 21248K, 30% used [0x00000000bae00000,0x00000000bb446e88,0x00000000bc2c0000)
Event: 37.983 GC heap after
Heap after GC invocations=43 (full 14):
 PSYoungGen      total 233024K, used 23087K [0x00000000eaab0000, 0x0000000100000000, 0x0000000100000000)
  eden space 116544K, 19% used [0x00000000eaab0000,0x00000000ec13bc90,0x00000000f1c80000)
  from space 116480K, 0% used [0x00000000f1c80000,0x00000000f1c80000,0x00000000f8e40000)
  to   space 116480K, 0% used [0x00000000f8e40000,0x00000000f8e40000,0x0000000100000000)
 ParOldGen       total 486656K, used 486654K [0x00000000c0000000, 0x00000000ddb40000, 0x00000000eaab0000)
  object space 486656K, 99% used [0x00000000c0000000,0x00000000ddb3fb38,0x00000000ddb40000)
 PSPermGen       total 21248K, used 6427K [0x00000000bae00000, 0x00000000bc2c0000, 0x00000000c0000000)
  object space 21248K, 30% used [0x00000000bae00000,0x00000000bb446e28,0x00000000bc2c0000)
}
Event: 38.348 GC heap before
{Heap before GC invocations=44 (full 15):
 PSYoungGen      total 233024K, used 116544K [0x00000000eaab0000, 0x0000000100000000, 0x0000000100000000)
  eden space 116544K, 100% used [0x00000000eaab0000,0x00000000f1c80000,0x00000000f1c80000)
  from space 116480K, 0% used [0x00000000f1c80000,0x00000000f1c80000,0x00000000f8e40000)
  to   space 116480K, 0% used [0x00000000f8e40000,0x00000000f8e40000,0x0000000100000000)
 ParOldGen       total 486656K, used 486654K [0x00000000c0000000, 0x00000000ddb40000, 0x00000000eaab0000)
  object space 486656K, 99% used [0x00000000c0000000,0x00000000ddb3fb38,0x00000000ddb40000)
 PSPermGen       total 21248K, used 6427K [0x00000000bae00000, 0x00000000bc2c0000, 0x00000000c0000000)
  object space 21248K, 30% used [0x00000000bae00000,0x00000000bb446e28,0x00000000bc2c0000)

