# JRE version: 7.0_13-b20
# Java VM: Java HotSpot(TM) 64-Bit Server VM (23.7-b01 mixed mode windows-amd64 compressed oops)
Heap
 PSYoungGen      total 223296K, used 6921K [0x00000000eaab0000, 0x00000000ff680000, 0x0000000100000000)
  eden space 116544K, 5% used [0x00000000eaab0000,0x00000000eb1724a0,0x00000000f1c80000)
  from space 106752K, 0% used [0x00000000f8e40000,0x00000000f8e40000,0x00000000ff680000)
  to   space 111616K, 0% used [0x00000000f1c80000,0x00000000f1c80000,0x00000000f8980000)
 ParOldGen       total 699072K, used 394704K [0x00000000c0000000, 0x00000000eaab0000, 0x00000000eaab0000)
  object space 699072K, 56% used [0x00000000c0000000,0x00000000d8174200,0x00000000eaab0000)
 PSPermGen       total 21248K, used 6770K [0x00000000bae00000, 0x00000000bc2c0000, 0x00000000c0000000)
  object space 21248K, 31% used [0x00000000bae00000,0x00000000bb49c950,0x00000000bc2c0000)
GC Heap History (10 events):
Event: 51.915 GC heap before
{Heap before GC invocations=57 (full 15):
 PSYoungGen      total 223296K, used 116544K [0x00000000eaab0000, 0x00000000ff680000, 0x0000000100000000)
  eden space 116544K, 100% used [0x00000000eaab0000,0x00000000f1c80000,0x00000000f1c80000)
  from space 106752K, 0% used [0x00000000f8e40000,0x00000000f8e40000,0x00000000ff680000)
  to   space 111616K, 0% used [0x00000000f1c80000,0x00000000f1c80000,0x00000000f8980000)
 ParOldGen       total 609984K, used 609981K [0x00000000c0000000, 0x00000000e53b0000, 0x00000000eaab0000)
  object space 609984K, 99% used [0x00000000c0000000,0x00000000e53af7c0,0x00000000e53b0000)
 PSPermGen       total 21248K, used 6433K [0x00000000bae00000, 0x00000000bc2c0000, 0x00000000c0000000)
  object space 21248K, 30% used [0x00000000bae00000,0x00000000bb4486d0,0x00000000bc2c0000)
Event: 53.878 GC heap after
Heap after GC invocations=57 (full 15):
 PSYoungGen      total 223296K, used 67881K [0x00000000eaab0000, 0x00000000ff680000, 0x0000000100000000)
  eden space 116544K, 58% used [0x00000000eaab0000,0x00000000eecfa618,0x00000000f1c80000)
  from space 106752K, 0% used [0x00000000f8e40000,0x00000000f8e40000,0x00000000ff680000)
  to   space 111616K, 0% used [0x00000000f1c80000,0x00000000f1c80000,0x00000000f8980000)
 ParOldGen       total 609984K, used 609981K [0x00000000c0000000, 0x00000000e53b0000, 0x00000000eaab0000)
  object space 609984K, 99% used [0x00000000c0000000,0x00000000e53af7c0,0x00000000e53b0000)
 PSPermGen       total 21248K, used 6433K [0x00000000bae00000, 0x00000000bc2c0000, 0x00000000c0000000)
  object space 21248K, 30% used [0x00000000bae00000,0x00000000bb4486d0,0x00000000bc2c0000)
}
Event: 53.996 GC heap before
{Heap before GC invocations=58 (full 16):
 PSYoungGen      total 223296K, used 116544K [0x00000000eaab0000, 0x00000000ff680000, 0x0000000100000000)
  eden space 116544K, 100% used [0x00000000eaab0000,0x00000000f1c80000,0x00000000f1c80000)
  from space 106752K, 0% used [0x00000000f8e40000,0x00000000f8e40000,0x00000000ff680000)
  to   space 111616K, 0% used [0x00000000f1c80000,0x00000000f1c80000,0x00000000f8980000)
 ParOldGen       total 609984K, used 609981K [0x00000000c0000000, 0x00000000e53b0000, 0x00000000eaab0000)
  object space 609984K, 99% used [0x00000000c0000000,0x00000000e53af7c0,0x00000000e53b0000)
 PSPermGen       total 21248K, used 6433K [0x00000000bae00000, 0x00000000bc2c0000, 0x00000000c0000000)
  object space 21248K, 30% used [0x00000000bae00000,0x00000000bb4486d0,0x00000000bc2c0000)
Event: 56.073 GC heap after
Heap after GC invocations=58 (full 16):
 PSYoungGen      total 223296K, used 73169K [0x00000000eaab0000, 0x00000000ff680000, 0x0000000100000000)
  eden space 116544K, 62% used [0x00000000eaab0000,0x00000000ef224630,0x00000000f1c80000)
  from space 106752K, 0% used [0x00000000f8e40000,0x00000000f8e40000,0x00000000ff680000)
  to   space 111616K, 0% used [0x00000000f1c80000,0x00000000f1c80000,0x00000000f8980000)
 ParOldGen       total 609984K, used 609981K [0x00000000c0000000, 0x00000000e53b0000, 0x00000000eaab0000)
  object space 609984K, 99% used [0x00000000c0000000,0x00000000e53af7c0,0x00000000e53b0000)
 PSPermGen       total 21248K, used 6433K [0x00000000bae00000, 0x00000000bc2c0000, 0x00000000c0000000)
  object space 21248K, 30% used [0x00000000bae00000,0x00000000bb4486d0,0x00000000bc2c0000)
}
Event: 57.478 GC heap before
{Heap before GC invocations=59 (full 17):
 PSYoungGen      total 223296K, used 116544K [0x00000000eaab0000, 0x00000000ff680000, 0x0000000100000000)
  eden space 116544K, 100% used [0x00000000eaab0000,0x00000000f1c80000,0x00000000f1c80000)
  from space 106752K, 0% used [0x00000000f8e40000,0x00000000f8e40000,0x00000000ff680000)
  to   space 111616K, 0% used [0x00000000f1c80000,0x00000000f1c80000,0x00000000f8980000)
 ParOldGen       total 609984K, used 609981K [0x00000000c0000000, 0x00000000e53b0000, 0x00000000eaab0000)
  object space 609984K, 99% used [0x00000000c0000000,0x00000000e53af7c0,0x00000000e53b0000)
 PSPermGen       total 21248K, used 6521K [0x00000000bae00000, 0x00000000bc2c0000, 0x00000000c0000000)
  object space 21248K, 30% used [0x00000000bae00000,0x00000000bb45e650,0x00000000bc2c0000)
Event: 60.281 GC heap after
Heap after GC invocations=59 (full 17):
 PSYoungGen      total 223296K, used 73714K [0x00000000eaab0000, 0x00000000ff680000, 0x0000000100000000)
  eden space 116544K, 63% used [0x00000000eaab0000,0x00000000ef2acb30,0x00000000f1c80000)
  from space 106752K, 0% used [0x00000000f8e40000,0x00000000f8e40000,0x00000000ff680000)
  to   space 111616K, 0% used [0x00000000f1c80000,0x00000000f1c80000,0x00000000f8980000)
 ParOldGen       total 609984K, used 609904K [0x00000000c0000000, 0x00000000e53b0000, 0x00000000eaab0000)
  object space 609984K, 99% used [0x00000000c0000000,0x00000000e539c008,0x00000000e53b0000)
 PSPermGen       total 21248K, used 6521K [0x00000000bae00000, 0x00000000bc2c0000, 0x00000000c0000000)
  object space 21248K, 30% used [0x00000000bae00000,0x00000000bb45e500,0x00000000bc2c0000)
}
Event: 62.031 GC heap before
{Heap before GC invocations=60 (full 18):
 PSYoungGen      total 223296K, used 116544K [0x00000000eaab0000, 0x00000000ff680000, 0x0000000100000000)
  eden space 116544K, 100% used [0x00000000eaab0000,0x00000000f1c80000,0x00000000f1c80000)
  from space 106752K, 0% used [0x00000000f8e40000,0x00000000f8e40000,0x00000000ff680000)
  to   space 111616K, 0% used [0x00000000f1c80000,0x00000000f1c80000,0x00000000f8980000)
 ParOldGen       total 609984K, used 609904K [0x00000000c0000000, 0x00000000e53b0000, 0x00000000eaab0000)
  object space 609984K, 99% used [0x00000000c0000000,0x00000000e539c008,0x00000000e53b0000)
 PSPermGen       total 21248K, used 6694K [0x00000000bae00000, 0x00000000bc2c0000, 0x00000000c0000000)
  object space 21248K, 31% used [0x00000000bae00000,0x00000000bb4899e0,0x00000000bc2c0000)
Event: 65.149 GC heap after
Heap after GC invocations=60 (full 18):
 PSYoungGen      total 223296K, used 14991K [0x00000000eaab0000, 0x00000000ff680000, 0x0000000100000000)
  eden space 116544K, 12% used [0x00000000eaab0000,0x00000000eb953e50,0x00000000f1c80000)
  from space 106752K, 0% used [0x00000000f8e40000,0x00000000f8e40000,0x00000000ff680000)
  to   space 111616K, 0% used [0x00000000f1c80000,0x00000000f1c80000,0x00000000f8980000)
 ParOldGen       total 609984K, used 609982K [0x00000000c0000000, 0x00000000e53b0000, 0x00000000eaab0000)
  object space 609984K, 99% used [0x00000000c0000000,0x00000000e53af950,0x00000000e53b0000)
 PSPermGen       total 21248K, used 6693K [0x00000000bae00000, 0x00000000bc2c0000, 0x00000000c0000000)
  object space 21248K, 31% used [0x00000000bae00000,0x00000000bb489780,0x00000000bc2c0000)
}
Event: 67.248 GC heap before
{Heap before GC invocations=61 (full 19):
 PSYoungGen      total 223296K, used 116544K [0x00000000eaab0000, 0x00000000ff680000, 0x0000000100000000)
  eden space 116544K, 100% used [0x00000000eaab0000,0x00000000f1c80000,0x00000000f1c80000)
  from space 106752K, 0% used [0x00000000f8e40000,0x00000000f8e40000,0x00000000ff680000)
  to   space 111616K, 0% used [0x00000000f1c80000,0x00000000f1c80000,0x00000000f8980000)
 ParOldGen       total 609984K, used 609982K [0x00000000c0000000, 0x00000000e53b0000, 0x00000000eaab0000)
  object space 609984K, 99% used [0x00000000c0000000,0x00000000e53af950,0x00000000e53b0000)
 PSPermGen       total 21248K, used 6756K [0x00000000bae00000, 0x00000000bc2c0000, 0x00000000c0000000)
  object space 21248K, 31% used [0x00000000bae00000,0x00000000bb4990c0,0x00000000bc2c0000)
Event: 71.182 GC heap after
Heap after GC invocations=61 (full 19):
 PSYoungGen      total 223296K, used 0K [0x00000000eaab0000, 0x00000000ff680000, 0x0000000100000000)
  eden space 116544K, 0% used [0x00000000eaab0000,0x00000000eaab0000,0x00000000f1c80000)
  from space 106752K, 0% used [0x00000000f8e40000,0x00000000f8e40000,0x00000000ff680000)
  to   space 111616K, 0% used [0x00000000f1c80000,0x00000000f1c80000,0x00000000f8980000)
 ParOldGen       total 699072K, used 394704K [0x00000000c0000000, 0x00000000eaab0000, 0x00000000eaab0000)
  object space 699072K, 56% used [0x00000000c0000000,0x00000000d8174200,0x00000000eaab0000)
 PSPermGen       total 21248K, used 6755K [0x00000000bae00000, 0x00000000bc2c0000, 0x00000000c0000000)
  object space 21248K, 31% used [0x00000000bae00000,0x00000000bb498f60,0x00000000bc2c0000)
}

